Created by PLY version 3.11 (http://www.dabeaz.com/ply)

Unused terminals:

    INSTANCE_NAME
    LPAREN
    RPAREN
    SPECIAL_SYMBOL

Grammar

Rule 0     S' -> program
Rule 1     program -> imports_opt package_decl elementos
Rule 2     imports_opt -> imports_opt import_decl
Rule 3     imports_opt -> import_decl
Rule 4     imports_opt -> empty
Rule 5     package_decl -> KW_PACKAGE identifier_any
Rule 6     package_decl -> empty
Rule 7     elementos -> elementos elemento
Rule 8     elementos -> elemento
Rule 9     elemento -> class_decl
Rule 10    elemento -> datatype_decl
Rule 11    elemento -> enum_decl
Rule 12    elemento -> genset_decl
Rule 13    elemento -> relation_decl_external
Rule 14    elemento -> import_decl
Rule 15    import_decl -> KW_IMPORT identifier_any
Rule 16    class_decl -> CLASS_STEREOTYPE CLASS_NAME nature_opt inheritance_opt body_opt
Rule 17    nature_opt -> KW_OF RELATION_NAME
Rule 18    nature_opt -> empty
Rule 19    inheritance_opt -> KW_SPECIALIZES class_list
Rule 20    inheritance_opt -> empty
Rule 21    body_opt -> LBRACE class_body RBRACE
Rule 22    body_opt -> empty
Rule 23    class_body -> class_body member
Rule 24    class_body -> member
Rule 25    member -> atributo
Rule 26    member -> internal_relation
Rule 27    cardinality_opt -> cardinality
Rule 28    cardinality_opt -> empty
Rule 29    atributo -> RELATION_NAME COLON tipo cardinality_opt meta_attribs_opt
Rule 30    meta_attribs_opt -> LBRACE RELATION_NAME RBRACE
Rule 31    meta_attribs_opt -> LBRACE RBRACE
Rule 32    meta_attribs_opt -> empty
Rule 33    tipo -> DATA_TYPE
Rule 34    tipo -> NEW_TYPE
Rule 35    tipo -> CLASS_NAME
Rule 36    internal_relation -> opt_at cardinality REL_SYM cardinality CLASS_NAME
Rule 37    internal_relation -> opt_at cardinality REL_SYM RELATION_NAME REL_SYM cardinality CLASS_NAME
Rule 38    internal_relation -> opt_at REL_SYM RELATION_NAME REL_SYM cardinality CLASS_NAME
Rule 39    internal_relation -> REL_SYM RELATION_NAME REL_SYM cardinality CLASS_NAME
Rule 40    internal_relation -> opt_at REL_SYM CLASS_NAME
Rule 41    datatype_decl -> KW_DATATYPE NEW_TYPE LBRACE atributos_dt RBRACE
Rule 42    atributos_dt -> atributos_dt atributo
Rule 43    atributos_dt -> atributo
Rule 44    enum_decl -> KW_ENUM CLASS_NAME LBRACE lista_enum RBRACE
Rule 45    lista_enum -> lista_enum COMMA CLASS_NAME
Rule 46    lista_enum -> CLASS_NAME
Rule 47    genset_decl -> genset_inline
Rule 48    genset_decl -> genset_block
Rule 49    genset_modifiers -> KW_DISJOINT KW_COMPLETE
Rule 50    genset_modifiers -> KW_DISJOINT
Rule 51    genset_modifiers -> KW_COMPLETE
Rule 52    genset_modifiers -> empty
Rule 53    genset_inline -> genset_modifiers KW_GENSET identifier_any KW_WHERE class_list KW_SPECIALIZES CLASS_NAME
Rule 54    genset_block -> genset_modifiers KW_GENSET identifier_any LBRACE general_decl specifics_decl RBRACE
Rule 55    general_decl -> KW_GENERAL CLASS_NAME
Rule 56    specifics_decl -> KW_SPECIFICS class_list
Rule 57    class_list -> class_list COMMA CLASS_NAME
Rule 58    class_list -> CLASS_NAME
Rule 59    relation_decl_external -> opt_at KW_RELATION CLASS_NAME cardinality REL_SYM cardinality CLASS_NAME
Rule 60    relation_decl_external -> opt_at KW_RELATION CLASS_NAME cardinality REL_SYM RELATION_NAME REL_SYM cardinality CLASS_NAME
Rule 61    relation_decl_external -> RELATION_STEREOTYPE KW_RELATION CLASS_NAME cardinality REL_SYM cardinality CLASS_NAME
Rule 62    opt_at -> AT RELATION_STEREOTYPE
Rule 63    opt_at -> RELATION_STEREOTYPE
Rule 64    opt_at -> empty
Rule 65    cardinality -> LBRACKET NUMBER RBRACKET
Rule 66    cardinality -> LBRACKET NUMBER RANGE_DOTS STAR RBRACKET
Rule 67    cardinality -> LBRACKET NUMBER RANGE_DOTS NUMBER RBRACKET
Rule 68    cardinality -> LBRACKET STAR RBRACKET
Rule 69    identifier_any -> CLASS_NAME
Rule 70    identifier_any -> RELATION_NAME
Rule 71    empty -> <empty>

Terminals, with rules where they appear

AT                   : 62
CLASS_NAME           : 16 35 36 37 38 39 40 44 45 46 53 55 57 58 59 59 60 60 61 61 69
CLASS_STEREOTYPE     : 16
COLON                : 29
COMMA                : 45 57
DATA_TYPE            : 33
INSTANCE_NAME        : 
KW_COMPLETE          : 49 51
KW_DATATYPE          : 41
KW_DISJOINT          : 49 50
KW_ENUM              : 44
KW_GENERAL           : 55
KW_GENSET            : 53 54
KW_IMPORT            : 15
KW_OF                : 17
KW_PACKAGE           : 5
KW_RELATION          : 59 60 61
KW_SPECIALIZES       : 19 53
KW_SPECIFICS         : 56
KW_WHERE             : 53
LBRACE               : 21 30 31 41 44 54
LBRACKET             : 65 66 67 68
LPAREN               : 
NEW_TYPE             : 34 41
NUMBER               : 65 66 67 67
RANGE_DOTS           : 66 67
RBRACE               : 21 30 31 41 44 54
RBRACKET             : 65 66 67 68
RELATION_NAME        : 17 29 30 37 38 39 60 70
RELATION_STEREOTYPE  : 61 62 63
REL_SYM              : 36 37 37 38 38 39 39 40 59 60 60 61
RPAREN               : 
SPECIAL_SYMBOL       : 
STAR                 : 66 68
error                : 

Nonterminals, with rules where they appear

atributo             : 25 42 43
atributos_dt         : 41 42
body_opt             : 16
cardinality          : 27 36 36 37 37 38 39 59 59 60 60 61 61
cardinality_opt      : 29
class_body           : 21 23
class_decl           : 9
class_list           : 19 53 56 57
datatype_decl        : 10
elemento             : 7 8
elementos            : 1 7
empty                : 4 6 18 20 22 28 32 52 64
enum_decl            : 11
general_decl         : 54
genset_block         : 48
genset_decl          : 12
genset_inline        : 47
genset_modifiers     : 53 54
identifier_any       : 5 15 53 54
import_decl          : 2 3 14
imports_opt          : 1 2
inheritance_opt      : 16
internal_relation    : 26
lista_enum           : 44 45
member               : 23 24
meta_attribs_opt     : 29
nature_opt           : 16
opt_at               : 36 37 38 40 59 60
package_decl         : 1
program              : 0
relation_decl_external : 13
specifics_decl       : 54
tipo                 : 29

Parsing method: LALR

state 0

    (0) S' -> . program
    (1) program -> . imports_opt package_decl elementos
    (2) imports_opt -> . imports_opt import_decl
    (3) imports_opt -> . import_decl
    (4) imports_opt -> . empty
    (15) import_decl -> . KW_IMPORT identifier_any
    (71) empty -> .

  ! shift/reduce conflict for KW_IMPORT resolved as shift
    KW_IMPORT       shift and go to state 5
    KW_PACKAGE      reduce using rule 71 (empty -> .)
    CLASS_STEREOTYPE reduce using rule 71 (empty -> .)
    KW_DATATYPE     reduce using rule 71 (empty -> .)
    KW_ENUM         reduce using rule 71 (empty -> .)
    RELATION_STEREOTYPE reduce using rule 71 (empty -> .)
    AT              reduce using rule 71 (empty -> .)
    KW_DISJOINT     reduce using rule 71 (empty -> .)
    KW_COMPLETE     reduce using rule 71 (empty -> .)
    KW_RELATION     reduce using rule 71 (empty -> .)
    KW_GENSET       reduce using rule 71 (empty -> .)

  ! KW_IMPORT       [ reduce using rule 71 (empty -> .) ]

    program                        shift and go to state 1
    imports_opt                    shift and go to state 2
    import_decl                    shift and go to state 3
    empty                          shift and go to state 4

state 1

    (0) S' -> program .



state 2

    (1) program -> imports_opt . package_decl elementos
    (2) imports_opt -> imports_opt . import_decl
    (5) package_decl -> . KW_PACKAGE identifier_any
    (6) package_decl -> . empty
    (15) import_decl -> . KW_IMPORT identifier_any
    (71) empty -> .

  ! shift/reduce conflict for KW_IMPORT resolved as shift
    KW_PACKAGE      shift and go to state 8
    KW_IMPORT       shift and go to state 5
    CLASS_STEREOTYPE reduce using rule 71 (empty -> .)
    KW_DATATYPE     reduce using rule 71 (empty -> .)
    KW_ENUM         reduce using rule 71 (empty -> .)
    RELATION_STEREOTYPE reduce using rule 71 (empty -> .)
    AT              reduce using rule 71 (empty -> .)
    KW_DISJOINT     reduce using rule 71 (empty -> .)
    KW_COMPLETE     reduce using rule 71 (empty -> .)
    KW_RELATION     reduce using rule 71 (empty -> .)
    KW_GENSET       reduce using rule 71 (empty -> .)

  ! KW_IMPORT       [ reduce using rule 71 (empty -> .) ]

    package_decl                   shift and go to state 6
    import_decl                    shift and go to state 7
    empty                          shift and go to state 9

state 3

    (3) imports_opt -> import_decl .

    KW_PACKAGE      reduce using rule 3 (imports_opt -> import_decl .)
    KW_IMPORT       reduce using rule 3 (imports_opt -> import_decl .)
    CLASS_STEREOTYPE reduce using rule 3 (imports_opt -> import_decl .)
    KW_DATATYPE     reduce using rule 3 (imports_opt -> import_decl .)
    KW_ENUM         reduce using rule 3 (imports_opt -> import_decl .)
    RELATION_STEREOTYPE reduce using rule 3 (imports_opt -> import_decl .)
    AT              reduce using rule 3 (imports_opt -> import_decl .)
    KW_DISJOINT     reduce using rule 3 (imports_opt -> import_decl .)
    KW_COMPLETE     reduce using rule 3 (imports_opt -> import_decl .)
    KW_RELATION     reduce using rule 3 (imports_opt -> import_decl .)
    KW_GENSET       reduce using rule 3 (imports_opt -> import_decl .)


state 4

    (4) imports_opt -> empty .

    KW_PACKAGE      reduce using rule 4 (imports_opt -> empty .)
    KW_IMPORT       reduce using rule 4 (imports_opt -> empty .)
    CLASS_STEREOTYPE reduce using rule 4 (imports_opt -> empty .)
    KW_DATATYPE     reduce using rule 4 (imports_opt -> empty .)
    KW_ENUM         reduce using rule 4 (imports_opt -> empty .)
    RELATION_STEREOTYPE reduce using rule 4 (imports_opt -> empty .)
    AT              reduce using rule 4 (imports_opt -> empty .)
    KW_DISJOINT     reduce using rule 4 (imports_opt -> empty .)
    KW_COMPLETE     reduce using rule 4 (imports_opt -> empty .)
    KW_RELATION     reduce using rule 4 (imports_opt -> empty .)
    KW_GENSET       reduce using rule 4 (imports_opt -> empty .)


state 5

    (15) import_decl -> KW_IMPORT . identifier_any
    (69) identifier_any -> . CLASS_NAME
    (70) identifier_any -> . RELATION_NAME

    CLASS_NAME      shift and go to state 11
    RELATION_NAME   shift and go to state 12

    identifier_any                 shift and go to state 10

state 6

    (1) program -> imports_opt package_decl . elementos
    (7) elementos -> . elementos elemento
    (8) elementos -> . elemento
    (9) elemento -> . class_decl
    (10) elemento -> . datatype_decl
    (11) elemento -> . enum_decl
    (12) elemento -> . genset_decl
    (13) elemento -> . relation_decl_external
    (14) elemento -> . import_decl
    (16) class_decl -> . CLASS_STEREOTYPE CLASS_NAME nature_opt inheritance_opt body_opt
    (41) datatype_decl -> . KW_DATATYPE NEW_TYPE LBRACE atributos_dt RBRACE
    (44) enum_decl -> . KW_ENUM CLASS_NAME LBRACE lista_enum RBRACE
    (47) genset_decl -> . genset_inline
    (48) genset_decl -> . genset_block
    (59) relation_decl_external -> . opt_at KW_RELATION CLASS_NAME cardinality REL_SYM cardinality CLASS_NAME
    (60) relation_decl_external -> . opt_at KW_RELATION CLASS_NAME cardinality REL_SYM RELATION_NAME REL_SYM cardinality CLASS_NAME
    (61) relation_decl_external -> . RELATION_STEREOTYPE KW_RELATION CLASS_NAME cardinality REL_SYM cardinality CLASS_NAME
    (15) import_decl -> . KW_IMPORT identifier_any
    (53) genset_inline -> . genset_modifiers KW_GENSET identifier_any KW_WHERE class_list KW_SPECIALIZES CLASS_NAME
    (54) genset_block -> . genset_modifiers KW_GENSET identifier_any LBRACE general_decl specifics_decl RBRACE
    (62) opt_at -> . AT RELATION_STEREOTYPE
    (63) opt_at -> . RELATION_STEREOTYPE
    (64) opt_at -> . empty
    (49) genset_modifiers -> . KW_DISJOINT KW_COMPLETE
    (50) genset_modifiers -> . KW_DISJOINT
    (51) genset_modifiers -> . KW_COMPLETE
    (52) genset_modifiers -> . empty
    (71) empty -> .

    CLASS_STEREOTYPE shift and go to state 21
    KW_DATATYPE     shift and go to state 22
    KW_ENUM         shift and go to state 23
    RELATION_STEREOTYPE shift and go to state 27
    KW_IMPORT       shift and go to state 5
    AT              shift and go to state 29
    KW_DISJOINT     shift and go to state 31
    KW_COMPLETE     shift and go to state 32
    KW_RELATION     reduce using rule 71 (empty -> .)
    KW_GENSET       reduce using rule 71 (empty -> .)

    elementos                      shift and go to state 13
    elemento                       shift and go to state 14
    class_decl                     shift and go to state 15
    datatype_decl                  shift and go to state 16
    enum_decl                      shift and go to state 17
    genset_decl                    shift and go to state 18
    relation_decl_external         shift and go to state 19
    import_decl                    shift and go to state 20
    genset_inline                  shift and go to state 24
    genset_block                   shift and go to state 25
    opt_at                         shift and go to state 26
    genset_modifiers               shift and go to state 28
    empty                          shift and go to state 30

state 7

    (2) imports_opt -> imports_opt import_decl .

    KW_PACKAGE      reduce using rule 2 (imports_opt -> imports_opt import_decl .)
    KW_IMPORT       reduce using rule 2 (imports_opt -> imports_opt import_decl .)
    CLASS_STEREOTYPE reduce using rule 2 (imports_opt -> imports_opt import_decl .)
    KW_DATATYPE     reduce using rule 2 (imports_opt -> imports_opt import_decl .)
    KW_ENUM         reduce using rule 2 (imports_opt -> imports_opt import_decl .)
    RELATION_STEREOTYPE reduce using rule 2 (imports_opt -> imports_opt import_decl .)
    AT              reduce using rule 2 (imports_opt -> imports_opt import_decl .)
    KW_DISJOINT     reduce using rule 2 (imports_opt -> imports_opt import_decl .)
    KW_COMPLETE     reduce using rule 2 (imports_opt -> imports_opt import_decl .)
    KW_RELATION     reduce using rule 2 (imports_opt -> imports_opt import_decl .)
    KW_GENSET       reduce using rule 2 (imports_opt -> imports_opt import_decl .)


state 8

    (5) package_decl -> KW_PACKAGE . identifier_any
    (69) identifier_any -> . CLASS_NAME
    (70) identifier_any -> . RELATION_NAME

    CLASS_NAME      shift and go to state 11
    RELATION_NAME   shift and go to state 12

    identifier_any                 shift and go to state 33

state 9

    (6) package_decl -> empty .

    CLASS_STEREOTYPE reduce using rule 6 (package_decl -> empty .)
    KW_DATATYPE     reduce using rule 6 (package_decl -> empty .)
    KW_ENUM         reduce using rule 6 (package_decl -> empty .)
    RELATION_STEREOTYPE reduce using rule 6 (package_decl -> empty .)
    KW_IMPORT       reduce using rule 6 (package_decl -> empty .)
    AT              reduce using rule 6 (package_decl -> empty .)
    KW_DISJOINT     reduce using rule 6 (package_decl -> empty .)
    KW_COMPLETE     reduce using rule 6 (package_decl -> empty .)
    KW_RELATION     reduce using rule 6 (package_decl -> empty .)
    KW_GENSET       reduce using rule 6 (package_decl -> empty .)


state 10

    (15) import_decl -> KW_IMPORT identifier_any .

    KW_PACKAGE      reduce using rule 15 (import_decl -> KW_IMPORT identifier_any .)
    KW_IMPORT       reduce using rule 15 (import_decl -> KW_IMPORT identifier_any .)
    CLASS_STEREOTYPE reduce using rule 15 (import_decl -> KW_IMPORT identifier_any .)
    KW_DATATYPE     reduce using rule 15 (import_decl -> KW_IMPORT identifier_any .)
    KW_ENUM         reduce using rule 15 (import_decl -> KW_IMPORT identifier_any .)
    RELATION_STEREOTYPE reduce using rule 15 (import_decl -> KW_IMPORT identifier_any .)
    AT              reduce using rule 15 (import_decl -> KW_IMPORT identifier_any .)
    KW_DISJOINT     reduce using rule 15 (import_decl -> KW_IMPORT identifier_any .)
    KW_COMPLETE     reduce using rule 15 (import_decl -> KW_IMPORT identifier_any .)
    KW_RELATION     reduce using rule 15 (import_decl -> KW_IMPORT identifier_any .)
    KW_GENSET       reduce using rule 15 (import_decl -> KW_IMPORT identifier_any .)
    $end            reduce using rule 15 (import_decl -> KW_IMPORT identifier_any .)


state 11

    (69) identifier_any -> CLASS_NAME .

    KW_PACKAGE      reduce using rule 69 (identifier_any -> CLASS_NAME .)
    KW_IMPORT       reduce using rule 69 (identifier_any -> CLASS_NAME .)
    CLASS_STEREOTYPE reduce using rule 69 (identifier_any -> CLASS_NAME .)
    KW_DATATYPE     reduce using rule 69 (identifier_any -> CLASS_NAME .)
    KW_ENUM         reduce using rule 69 (identifier_any -> CLASS_NAME .)
    RELATION_STEREOTYPE reduce using rule 69 (identifier_any -> CLASS_NAME .)
    AT              reduce using rule 69 (identifier_any -> CLASS_NAME .)
    KW_DISJOINT     reduce using rule 69 (identifier_any -> CLASS_NAME .)
    KW_COMPLETE     reduce using rule 69 (identifier_any -> CLASS_NAME .)
    KW_RELATION     reduce using rule 69 (identifier_any -> CLASS_NAME .)
    KW_GENSET       reduce using rule 69 (identifier_any -> CLASS_NAME .)
    $end            reduce using rule 69 (identifier_any -> CLASS_NAME .)
    KW_WHERE        reduce using rule 69 (identifier_any -> CLASS_NAME .)
    LBRACE          reduce using rule 69 (identifier_any -> CLASS_NAME .)


state 12

    (70) identifier_any -> RELATION_NAME .

    KW_PACKAGE      reduce using rule 70 (identifier_any -> RELATION_NAME .)
    KW_IMPORT       reduce using rule 70 (identifier_any -> RELATION_NAME .)
    CLASS_STEREOTYPE reduce using rule 70 (identifier_any -> RELATION_NAME .)
    KW_DATATYPE     reduce using rule 70 (identifier_any -> RELATION_NAME .)
    KW_ENUM         reduce using rule 70 (identifier_any -> RELATION_NAME .)
    RELATION_STEREOTYPE reduce using rule 70 (identifier_any -> RELATION_NAME .)
    AT              reduce using rule 70 (identifier_any -> RELATION_NAME .)
    KW_DISJOINT     reduce using rule 70 (identifier_any -> RELATION_NAME .)
    KW_COMPLETE     reduce using rule 70 (identifier_any -> RELATION_NAME .)
    KW_RELATION     reduce using rule 70 (identifier_any -> RELATION_NAME .)
    KW_GENSET       reduce using rule 70 (identifier_any -> RELATION_NAME .)
    $end            reduce using rule 70 (identifier_any -> RELATION_NAME .)
    KW_WHERE        reduce using rule 70 (identifier_any -> RELATION_NAME .)
    LBRACE          reduce using rule 70 (identifier_any -> RELATION_NAME .)


state 13

    (1) program -> imports_opt package_decl elementos .
    (7) elementos -> elementos . elemento
    (9) elemento -> . class_decl
    (10) elemento -> . datatype_decl
    (11) elemento -> . enum_decl
    (12) elemento -> . genset_decl
    (13) elemento -> . relation_decl_external
    (14) elemento -> . import_decl
    (16) class_decl -> . CLASS_STEREOTYPE CLASS_NAME nature_opt inheritance_opt body_opt
    (41) datatype_decl -> . KW_DATATYPE NEW_TYPE LBRACE atributos_dt RBRACE
    (44) enum_decl -> . KW_ENUM CLASS_NAME LBRACE lista_enum RBRACE
    (47) genset_decl -> . genset_inline
    (48) genset_decl -> . genset_block
    (59) relation_decl_external -> . opt_at KW_RELATION CLASS_NAME cardinality REL_SYM cardinality CLASS_NAME
    (60) relation_decl_external -> . opt_at KW_RELATION CLASS_NAME cardinality REL_SYM RELATION_NAME REL_SYM cardinality CLASS_NAME
    (61) relation_decl_external -> . RELATION_STEREOTYPE KW_RELATION CLASS_NAME cardinality REL_SYM cardinality CLASS_NAME
    (15) import_decl -> . KW_IMPORT identifier_any
    (53) genset_inline -> . genset_modifiers KW_GENSET identifier_any KW_WHERE class_list KW_SPECIALIZES CLASS_NAME
    (54) genset_block -> . genset_modifiers KW_GENSET identifier_any LBRACE general_decl specifics_decl RBRACE
    (62) opt_at -> . AT RELATION_STEREOTYPE
    (63) opt_at -> . RELATION_STEREOTYPE
    (64) opt_at -> . empty
    (49) genset_modifiers -> . KW_DISJOINT KW_COMPLETE
    (50) genset_modifiers -> . KW_DISJOINT
    (51) genset_modifiers -> . KW_COMPLETE
    (52) genset_modifiers -> . empty
    (71) empty -> .

    $end            reduce using rule 1 (program -> imports_opt package_decl elementos .)
    CLASS_STEREOTYPE shift and go to state 21
    KW_DATATYPE     shift and go to state 22
    KW_ENUM         shift and go to state 23
    RELATION_STEREOTYPE shift and go to state 27
    KW_IMPORT       shift and go to state 5
    AT              shift and go to state 29
    KW_DISJOINT     shift and go to state 31
    KW_COMPLETE     shift and go to state 32
    KW_RELATION     reduce using rule 71 (empty -> .)
    KW_GENSET       reduce using rule 71 (empty -> .)

    elemento                       shift and go to state 34
    class_decl                     shift and go to state 15
    datatype_decl                  shift and go to state 16
    enum_decl                      shift and go to state 17
    genset_decl                    shift and go to state 18
    relation_decl_external         shift and go to state 19
    import_decl                    shift and go to state 20
    genset_inline                  shift and go to state 24
    genset_block                   shift and go to state 25
    opt_at                         shift and go to state 26
    genset_modifiers               shift and go to state 28
    empty                          shift and go to state 30

state 14

    (8) elementos -> elemento .

    CLASS_STEREOTYPE reduce using rule 8 (elementos -> elemento .)
    KW_DATATYPE     reduce using rule 8 (elementos -> elemento .)
    KW_ENUM         reduce using rule 8 (elementos -> elemento .)
    RELATION_STEREOTYPE reduce using rule 8 (elementos -> elemento .)
    KW_IMPORT       reduce using rule 8 (elementos -> elemento .)
    AT              reduce using rule 8 (elementos -> elemento .)
    KW_DISJOINT     reduce using rule 8 (elementos -> elemento .)
    KW_COMPLETE     reduce using rule 8 (elementos -> elemento .)
    KW_RELATION     reduce using rule 8 (elementos -> elemento .)
    KW_GENSET       reduce using rule 8 (elementos -> elemento .)
    $end            reduce using rule 8 (elementos -> elemento .)


state 15

    (9) elemento -> class_decl .

    CLASS_STEREOTYPE reduce using rule 9 (elemento -> class_decl .)
    KW_DATATYPE     reduce using rule 9 (elemento -> class_decl .)
    KW_ENUM         reduce using rule 9 (elemento -> class_decl .)
    RELATION_STEREOTYPE reduce using rule 9 (elemento -> class_decl .)
    KW_IMPORT       reduce using rule 9 (elemento -> class_decl .)
    AT              reduce using rule 9 (elemento -> class_decl .)
    KW_DISJOINT     reduce using rule 9 (elemento -> class_decl .)
    KW_COMPLETE     reduce using rule 9 (elemento -> class_decl .)
    KW_RELATION     reduce using rule 9 (elemento -> class_decl .)
    KW_GENSET       reduce using rule 9 (elemento -> class_decl .)
    $end            reduce using rule 9 (elemento -> class_decl .)


state 16

    (10) elemento -> datatype_decl .

    CLASS_STEREOTYPE reduce using rule 10 (elemento -> datatype_decl .)
    KW_DATATYPE     reduce using rule 10 (elemento -> datatype_decl .)
    KW_ENUM         reduce using rule 10 (elemento -> datatype_decl .)
    RELATION_STEREOTYPE reduce using rule 10 (elemento -> datatype_decl .)
    KW_IMPORT       reduce using rule 10 (elemento -> datatype_decl .)
    AT              reduce using rule 10 (elemento -> datatype_decl .)
    KW_DISJOINT     reduce using rule 10 (elemento -> datatype_decl .)
    KW_COMPLETE     reduce using rule 10 (elemento -> datatype_decl .)
    KW_RELATION     reduce using rule 10 (elemento -> datatype_decl .)
    KW_GENSET       reduce using rule 10 (elemento -> datatype_decl .)
    $end            reduce using rule 10 (elemento -> datatype_decl .)


state 17

    (11) elemento -> enum_decl .

    CLASS_STEREOTYPE reduce using rule 11 (elemento -> enum_decl .)
    KW_DATATYPE     reduce using rule 11 (elemento -> enum_decl .)
    KW_ENUM         reduce using rule 11 (elemento -> enum_decl .)
    RELATION_STEREOTYPE reduce using rule 11 (elemento -> enum_decl .)
    KW_IMPORT       reduce using rule 11 (elemento -> enum_decl .)
    AT              reduce using rule 11 (elemento -> enum_decl .)
    KW_DISJOINT     reduce using rule 11 (elemento -> enum_decl .)
    KW_COMPLETE     reduce using rule 11 (elemento -> enum_decl .)
    KW_RELATION     reduce using rule 11 (elemento -> enum_decl .)
    KW_GENSET       reduce using rule 11 (elemento -> enum_decl .)
    $end            reduce using rule 11 (elemento -> enum_decl .)


state 18

    (12) elemento -> genset_decl .

    CLASS_STEREOTYPE reduce using rule 12 (elemento -> genset_decl .)
    KW_DATATYPE     reduce using rule 12 (elemento -> genset_decl .)
    KW_ENUM         reduce using rule 12 (elemento -> genset_decl .)
    RELATION_STEREOTYPE reduce using rule 12 (elemento -> genset_decl .)
    KW_IMPORT       reduce using rule 12 (elemento -> genset_decl .)
    AT              reduce using rule 12 (elemento -> genset_decl .)
    KW_DISJOINT     reduce using rule 12 (elemento -> genset_decl .)
    KW_COMPLETE     reduce using rule 12 (elemento -> genset_decl .)
    KW_RELATION     reduce using rule 12 (elemento -> genset_decl .)
    KW_GENSET       reduce using rule 12 (elemento -> genset_decl .)
    $end            reduce using rule 12 (elemento -> genset_decl .)


state 19

    (13) elemento -> relation_decl_external .

    CLASS_STEREOTYPE reduce using rule 13 (elemento -> relation_decl_external .)
    KW_DATATYPE     reduce using rule 13 (elemento -> relation_decl_external .)
    KW_ENUM         reduce using rule 13 (elemento -> relation_decl_external .)
    RELATION_STEREOTYPE reduce using rule 13 (elemento -> relation_decl_external .)
    KW_IMPORT       reduce using rule 13 (elemento -> relation_decl_external .)
    AT              reduce using rule 13 (elemento -> relation_decl_external .)
    KW_DISJOINT     reduce using rule 13 (elemento -> relation_decl_external .)
    KW_COMPLETE     reduce using rule 13 (elemento -> relation_decl_external .)
    KW_RELATION     reduce using rule 13 (elemento -> relation_decl_external .)
    KW_GENSET       reduce using rule 13 (elemento -> relation_decl_external .)
    $end            reduce using rule 13 (elemento -> relation_decl_external .)


state 20

    (14) elemento -> import_decl .

    CLASS_STEREOTYPE reduce using rule 14 (elemento -> import_decl .)
    KW_DATATYPE     reduce using rule 14 (elemento -> import_decl .)
    KW_ENUM         reduce using rule 14 (elemento -> import_decl .)
    RELATION_STEREOTYPE reduce using rule 14 (elemento -> import_decl .)
    KW_IMPORT       reduce using rule 14 (elemento -> import_decl .)
    AT              reduce using rule 14 (elemento -> import_decl .)
    KW_DISJOINT     reduce using rule 14 (elemento -> import_decl .)
    KW_COMPLETE     reduce using rule 14 (elemento -> import_decl .)
    KW_RELATION     reduce using rule 14 (elemento -> import_decl .)
    KW_GENSET       reduce using rule 14 (elemento -> import_decl .)
    $end            reduce using rule 14 (elemento -> import_decl .)


state 21

    (16) class_decl -> CLASS_STEREOTYPE . CLASS_NAME nature_opt inheritance_opt body_opt

    CLASS_NAME      shift and go to state 35


state 22

    (41) datatype_decl -> KW_DATATYPE . NEW_TYPE LBRACE atributos_dt RBRACE

    NEW_TYPE        shift and go to state 36


state 23

    (44) enum_decl -> KW_ENUM . CLASS_NAME LBRACE lista_enum RBRACE

    CLASS_NAME      shift and go to state 37


state 24

    (47) genset_decl -> genset_inline .

    CLASS_STEREOTYPE reduce using rule 47 (genset_decl -> genset_inline .)
    KW_DATATYPE     reduce using rule 47 (genset_decl -> genset_inline .)
    KW_ENUM         reduce using rule 47 (genset_decl -> genset_inline .)
    RELATION_STEREOTYPE reduce using rule 47 (genset_decl -> genset_inline .)
    KW_IMPORT       reduce using rule 47 (genset_decl -> genset_inline .)
    AT              reduce using rule 47 (genset_decl -> genset_inline .)
    KW_DISJOINT     reduce using rule 47 (genset_decl -> genset_inline .)
    KW_COMPLETE     reduce using rule 47 (genset_decl -> genset_inline .)
    KW_RELATION     reduce using rule 47 (genset_decl -> genset_inline .)
    KW_GENSET       reduce using rule 47 (genset_decl -> genset_inline .)
    $end            reduce using rule 47 (genset_decl -> genset_inline .)


state 25

    (48) genset_decl -> genset_block .

    CLASS_STEREOTYPE reduce using rule 48 (genset_decl -> genset_block .)
    KW_DATATYPE     reduce using rule 48 (genset_decl -> genset_block .)
    KW_ENUM         reduce using rule 48 (genset_decl -> genset_block .)
    RELATION_STEREOTYPE reduce using rule 48 (genset_decl -> genset_block .)
    KW_IMPORT       reduce using rule 48 (genset_decl -> genset_block .)
    AT              reduce using rule 48 (genset_decl -> genset_block .)
    KW_DISJOINT     reduce using rule 48 (genset_decl -> genset_block .)
    KW_COMPLETE     reduce using rule 48 (genset_decl -> genset_block .)
    KW_RELATION     reduce using rule 48 (genset_decl -> genset_block .)
    KW_GENSET       reduce using rule 48 (genset_decl -> genset_block .)
    $end            reduce using rule 48 (genset_decl -> genset_block .)


state 26

    (59) relation_decl_external -> opt_at . KW_RELATION CLASS_NAME cardinality REL_SYM cardinality CLASS_NAME
    (60) relation_decl_external -> opt_at . KW_RELATION CLASS_NAME cardinality REL_SYM RELATION_NAME REL_SYM cardinality CLASS_NAME

    KW_RELATION     shift and go to state 38


state 27

    (61) relation_decl_external -> RELATION_STEREOTYPE . KW_RELATION CLASS_NAME cardinality REL_SYM cardinality CLASS_NAME
    (63) opt_at -> RELATION_STEREOTYPE .

  ! shift/reduce conflict for KW_RELATION resolved as shift
    KW_RELATION     shift and go to state 39

  ! KW_RELATION     [ reduce using rule 63 (opt_at -> RELATION_STEREOTYPE .) ]


state 28

    (53) genset_inline -> genset_modifiers . KW_GENSET identifier_any KW_WHERE class_list KW_SPECIALIZES CLASS_NAME
    (54) genset_block -> genset_modifiers . KW_GENSET identifier_any LBRACE general_decl specifics_decl RBRACE

    KW_GENSET       shift and go to state 40


state 29

    (62) opt_at -> AT . RELATION_STEREOTYPE

    RELATION_STEREOTYPE shift and go to state 41


state 30

    (64) opt_at -> empty .
    (52) genset_modifiers -> empty .

    KW_RELATION     reduce using rule 64 (opt_at -> empty .)
    KW_GENSET       reduce using rule 52 (genset_modifiers -> empty .)


state 31

    (49) genset_modifiers -> KW_DISJOINT . KW_COMPLETE
    (50) genset_modifiers -> KW_DISJOINT .

    KW_COMPLETE     shift and go to state 42
    KW_GENSET       reduce using rule 50 (genset_modifiers -> KW_DISJOINT .)


state 32

    (51) genset_modifiers -> KW_COMPLETE .

    KW_GENSET       reduce using rule 51 (genset_modifiers -> KW_COMPLETE .)


state 33

    (5) package_decl -> KW_PACKAGE identifier_any .

    CLASS_STEREOTYPE reduce using rule 5 (package_decl -> KW_PACKAGE identifier_any .)
    KW_DATATYPE     reduce using rule 5 (package_decl -> KW_PACKAGE identifier_any .)
    KW_ENUM         reduce using rule 5 (package_decl -> KW_PACKAGE identifier_any .)
    RELATION_STEREOTYPE reduce using rule 5 (package_decl -> KW_PACKAGE identifier_any .)
    KW_IMPORT       reduce using rule 5 (package_decl -> KW_PACKAGE identifier_any .)
    AT              reduce using rule 5 (package_decl -> KW_PACKAGE identifier_any .)
    KW_DISJOINT     reduce using rule 5 (package_decl -> KW_PACKAGE identifier_any .)
    KW_COMPLETE     reduce using rule 5 (package_decl -> KW_PACKAGE identifier_any .)
    KW_RELATION     reduce using rule 5 (package_decl -> KW_PACKAGE identifier_any .)
    KW_GENSET       reduce using rule 5 (package_decl -> KW_PACKAGE identifier_any .)


state 34

    (7) elementos -> elementos elemento .

    CLASS_STEREOTYPE reduce using rule 7 (elementos -> elementos elemento .)
    KW_DATATYPE     reduce using rule 7 (elementos -> elementos elemento .)
    KW_ENUM         reduce using rule 7 (elementos -> elementos elemento .)
    RELATION_STEREOTYPE reduce using rule 7 (elementos -> elementos elemento .)
    KW_IMPORT       reduce using rule 7 (elementos -> elementos elemento .)
    AT              reduce using rule 7 (elementos -> elementos elemento .)
    KW_DISJOINT     reduce using rule 7 (elementos -> elementos elemento .)
    KW_COMPLETE     reduce using rule 7 (elementos -> elementos elemento .)
    KW_RELATION     reduce using rule 7 (elementos -> elementos elemento .)
    KW_GENSET       reduce using rule 7 (elementos -> elementos elemento .)
    $end            reduce using rule 7 (elementos -> elementos elemento .)


state 35

    (16) class_decl -> CLASS_STEREOTYPE CLASS_NAME . nature_opt inheritance_opt body_opt
    (17) nature_opt -> . KW_OF RELATION_NAME
    (18) nature_opt -> . empty
    (71) empty -> .

    KW_OF           shift and go to state 44
    KW_SPECIALIZES  reduce using rule 71 (empty -> .)
    LBRACE          reduce using rule 71 (empty -> .)
    CLASS_STEREOTYPE reduce using rule 71 (empty -> .)
    KW_DATATYPE     reduce using rule 71 (empty -> .)
    KW_ENUM         reduce using rule 71 (empty -> .)
    RELATION_STEREOTYPE reduce using rule 71 (empty -> .)
    KW_IMPORT       reduce using rule 71 (empty -> .)
    AT              reduce using rule 71 (empty -> .)
    KW_DISJOINT     reduce using rule 71 (empty -> .)
    KW_COMPLETE     reduce using rule 71 (empty -> .)
    KW_RELATION     reduce using rule 71 (empty -> .)
    KW_GENSET       reduce using rule 71 (empty -> .)
    $end            reduce using rule 71 (empty -> .)

    nature_opt                     shift and go to state 43
    empty                          shift and go to state 45

state 36

    (41) datatype_decl -> KW_DATATYPE NEW_TYPE . LBRACE atributos_dt RBRACE

    LBRACE          shift and go to state 46


state 37

    (44) enum_decl -> KW_ENUM CLASS_NAME . LBRACE lista_enum RBRACE

    LBRACE          shift and go to state 47


state 38

    (59) relation_decl_external -> opt_at KW_RELATION . CLASS_NAME cardinality REL_SYM cardinality CLASS_NAME
    (60) relation_decl_external -> opt_at KW_RELATION . CLASS_NAME cardinality REL_SYM RELATION_NAME REL_SYM cardinality CLASS_NAME

    CLASS_NAME      shift and go to state 48


state 39

    (61) relation_decl_external -> RELATION_STEREOTYPE KW_RELATION . CLASS_NAME cardinality REL_SYM cardinality CLASS_NAME

    CLASS_NAME      shift and go to state 49


state 40

    (53) genset_inline -> genset_modifiers KW_GENSET . identifier_any KW_WHERE class_list KW_SPECIALIZES CLASS_NAME
    (54) genset_block -> genset_modifiers KW_GENSET . identifier_any LBRACE general_decl specifics_decl RBRACE
    (69) identifier_any -> . CLASS_NAME
    (70) identifier_any -> . RELATION_NAME

    CLASS_NAME      shift and go to state 11
    RELATION_NAME   shift and go to state 12

    identifier_any                 shift and go to state 50

state 41

    (62) opt_at -> AT RELATION_STEREOTYPE .

    KW_RELATION     reduce using rule 62 (opt_at -> AT RELATION_STEREOTYPE .)
    REL_SYM         reduce using rule 62 (opt_at -> AT RELATION_STEREOTYPE .)
    LBRACKET        reduce using rule 62 (opt_at -> AT RELATION_STEREOTYPE .)


state 42

    (49) genset_modifiers -> KW_DISJOINT KW_COMPLETE .

    KW_GENSET       reduce using rule 49 (genset_modifiers -> KW_DISJOINT KW_COMPLETE .)


state 43

    (16) class_decl -> CLASS_STEREOTYPE CLASS_NAME nature_opt . inheritance_opt body_opt
    (19) inheritance_opt -> . KW_SPECIALIZES class_list
    (20) inheritance_opt -> . empty
    (71) empty -> .

    KW_SPECIALIZES  shift and go to state 52
    LBRACE          reduce using rule 71 (empty -> .)
    CLASS_STEREOTYPE reduce using rule 71 (empty -> .)
    KW_DATATYPE     reduce using rule 71 (empty -> .)
    KW_ENUM         reduce using rule 71 (empty -> .)
    RELATION_STEREOTYPE reduce using rule 71 (empty -> .)
    KW_IMPORT       reduce using rule 71 (empty -> .)
    AT              reduce using rule 71 (empty -> .)
    KW_DISJOINT     reduce using rule 71 (empty -> .)
    KW_COMPLETE     reduce using rule 71 (empty -> .)
    KW_RELATION     reduce using rule 71 (empty -> .)
    KW_GENSET       reduce using rule 71 (empty -> .)
    $end            reduce using rule 71 (empty -> .)

    inheritance_opt                shift and go to state 51
    empty                          shift and go to state 53

state 44

    (17) nature_opt -> KW_OF . RELATION_NAME

    RELATION_NAME   shift and go to state 54


state 45

    (18) nature_opt -> empty .

    KW_SPECIALIZES  reduce using rule 18 (nature_opt -> empty .)
    LBRACE          reduce using rule 18 (nature_opt -> empty .)
    CLASS_STEREOTYPE reduce using rule 18 (nature_opt -> empty .)
    KW_DATATYPE     reduce using rule 18 (nature_opt -> empty .)
    KW_ENUM         reduce using rule 18 (nature_opt -> empty .)
    RELATION_STEREOTYPE reduce using rule 18 (nature_opt -> empty .)
    KW_IMPORT       reduce using rule 18 (nature_opt -> empty .)
    AT              reduce using rule 18 (nature_opt -> empty .)
    KW_DISJOINT     reduce using rule 18 (nature_opt -> empty .)
    KW_COMPLETE     reduce using rule 18 (nature_opt -> empty .)
    KW_RELATION     reduce using rule 18 (nature_opt -> empty .)
    KW_GENSET       reduce using rule 18 (nature_opt -> empty .)
    $end            reduce using rule 18 (nature_opt -> empty .)


state 46

    (41) datatype_decl -> KW_DATATYPE NEW_TYPE LBRACE . atributos_dt RBRACE
    (42) atributos_dt -> . atributos_dt atributo
    (43) atributos_dt -> . atributo
    (29) atributo -> . RELATION_NAME COLON tipo cardinality_opt meta_attribs_opt

    RELATION_NAME   shift and go to state 57

    atributos_dt                   shift and go to state 55
    atributo                       shift and go to state 56

state 47

    (44) enum_decl -> KW_ENUM CLASS_NAME LBRACE . lista_enum RBRACE
    (45) lista_enum -> . lista_enum COMMA CLASS_NAME
    (46) lista_enum -> . CLASS_NAME

    CLASS_NAME      shift and go to state 58

    lista_enum                     shift and go to state 59

state 48

    (59) relation_decl_external -> opt_at KW_RELATION CLASS_NAME . cardinality REL_SYM cardinality CLASS_NAME
    (60) relation_decl_external -> opt_at KW_RELATION CLASS_NAME . cardinality REL_SYM RELATION_NAME REL_SYM cardinality CLASS_NAME
    (65) cardinality -> . LBRACKET NUMBER RBRACKET
    (66) cardinality -> . LBRACKET NUMBER RANGE_DOTS STAR RBRACKET
    (67) cardinality -> . LBRACKET NUMBER RANGE_DOTS NUMBER RBRACKET
    (68) cardinality -> . LBRACKET STAR RBRACKET

    LBRACKET        shift and go to state 61

    cardinality                    shift and go to state 60

state 49

    (61) relation_decl_external -> RELATION_STEREOTYPE KW_RELATION CLASS_NAME . cardinality REL_SYM cardinality CLASS_NAME
    (65) cardinality -> . LBRACKET NUMBER RBRACKET
    (66) cardinality -> . LBRACKET NUMBER RANGE_DOTS STAR RBRACKET
    (67) cardinality -> . LBRACKET NUMBER RANGE_DOTS NUMBER RBRACKET
    (68) cardinality -> . LBRACKET STAR RBRACKET

    LBRACKET        shift and go to state 61

    cardinality                    shift and go to state 62

state 50

    (53) genset_inline -> genset_modifiers KW_GENSET identifier_any . KW_WHERE class_list KW_SPECIALIZES CLASS_NAME
    (54) genset_block -> genset_modifiers KW_GENSET identifier_any . LBRACE general_decl specifics_decl RBRACE

    KW_WHERE        shift and go to state 63
    LBRACE          shift and go to state 64


state 51

    (16) class_decl -> CLASS_STEREOTYPE CLASS_NAME nature_opt inheritance_opt . body_opt
    (21) body_opt -> . LBRACE class_body RBRACE
    (22) body_opt -> . empty
    (71) empty -> .

    LBRACE          shift and go to state 66
    CLASS_STEREOTYPE reduce using rule 71 (empty -> .)
    KW_DATATYPE     reduce using rule 71 (empty -> .)
    KW_ENUM         reduce using rule 71 (empty -> .)
    RELATION_STEREOTYPE reduce using rule 71 (empty -> .)
    KW_IMPORT       reduce using rule 71 (empty -> .)
    AT              reduce using rule 71 (empty -> .)
    KW_DISJOINT     reduce using rule 71 (empty -> .)
    KW_COMPLETE     reduce using rule 71 (empty -> .)
    KW_RELATION     reduce using rule 71 (empty -> .)
    KW_GENSET       reduce using rule 71 (empty -> .)
    $end            reduce using rule 71 (empty -> .)

    body_opt                       shift and go to state 65
    empty                          shift and go to state 67

state 52

    (19) inheritance_opt -> KW_SPECIALIZES . class_list
    (57) class_list -> . class_list COMMA CLASS_NAME
    (58) class_list -> . CLASS_NAME

    CLASS_NAME      shift and go to state 69

    class_list                     shift and go to state 68

state 53

    (20) inheritance_opt -> empty .

    LBRACE          reduce using rule 20 (inheritance_opt -> empty .)
    CLASS_STEREOTYPE reduce using rule 20 (inheritance_opt -> empty .)
    KW_DATATYPE     reduce using rule 20 (inheritance_opt -> empty .)
    KW_ENUM         reduce using rule 20 (inheritance_opt -> empty .)
    RELATION_STEREOTYPE reduce using rule 20 (inheritance_opt -> empty .)
    KW_IMPORT       reduce using rule 20 (inheritance_opt -> empty .)
    AT              reduce using rule 20 (inheritance_opt -> empty .)
    KW_DISJOINT     reduce using rule 20 (inheritance_opt -> empty .)
    KW_COMPLETE     reduce using rule 20 (inheritance_opt -> empty .)
    KW_RELATION     reduce using rule 20 (inheritance_opt -> empty .)
    KW_GENSET       reduce using rule 20 (inheritance_opt -> empty .)
    $end            reduce using rule 20 (inheritance_opt -> empty .)


state 54

    (17) nature_opt -> KW_OF RELATION_NAME .

    KW_SPECIALIZES  reduce using rule 17 (nature_opt -> KW_OF RELATION_NAME .)
    LBRACE          reduce using rule 17 (nature_opt -> KW_OF RELATION_NAME .)
    CLASS_STEREOTYPE reduce using rule 17 (nature_opt -> KW_OF RELATION_NAME .)
    KW_DATATYPE     reduce using rule 17 (nature_opt -> KW_OF RELATION_NAME .)
    KW_ENUM         reduce using rule 17 (nature_opt -> KW_OF RELATION_NAME .)
    RELATION_STEREOTYPE reduce using rule 17 (nature_opt -> KW_OF RELATION_NAME .)
    KW_IMPORT       reduce using rule 17 (nature_opt -> KW_OF RELATION_NAME .)
    AT              reduce using rule 17 (nature_opt -> KW_OF RELATION_NAME .)
    KW_DISJOINT     reduce using rule 17 (nature_opt -> KW_OF RELATION_NAME .)
    KW_COMPLETE     reduce using rule 17 (nature_opt -> KW_OF RELATION_NAME .)
    KW_RELATION     reduce using rule 17 (nature_opt -> KW_OF RELATION_NAME .)
    KW_GENSET       reduce using rule 17 (nature_opt -> KW_OF RELATION_NAME .)
    $end            reduce using rule 17 (nature_opt -> KW_OF RELATION_NAME .)


state 55

    (41) datatype_decl -> KW_DATATYPE NEW_TYPE LBRACE atributos_dt . RBRACE
    (42) atributos_dt -> atributos_dt . atributo
    (29) atributo -> . RELATION_NAME COLON tipo cardinality_opt meta_attribs_opt

    RBRACE          shift and go to state 70
    RELATION_NAME   shift and go to state 57

    atributo                       shift and go to state 71

state 56

    (43) atributos_dt -> atributo .

    RBRACE          reduce using rule 43 (atributos_dt -> atributo .)
    RELATION_NAME   reduce using rule 43 (atributos_dt -> atributo .)


state 57

    (29) atributo -> RELATION_NAME . COLON tipo cardinality_opt meta_attribs_opt

    COLON           shift and go to state 72


state 58

    (46) lista_enum -> CLASS_NAME .

    RBRACE          reduce using rule 46 (lista_enum -> CLASS_NAME .)
    COMMA           reduce using rule 46 (lista_enum -> CLASS_NAME .)


state 59

    (44) enum_decl -> KW_ENUM CLASS_NAME LBRACE lista_enum . RBRACE
    (45) lista_enum -> lista_enum . COMMA CLASS_NAME

    RBRACE          shift and go to state 73
    COMMA           shift and go to state 74


state 60

    (59) relation_decl_external -> opt_at KW_RELATION CLASS_NAME cardinality . REL_SYM cardinality CLASS_NAME
    (60) relation_decl_external -> opt_at KW_RELATION CLASS_NAME cardinality . REL_SYM RELATION_NAME REL_SYM cardinality CLASS_NAME

    REL_SYM         shift and go to state 75


state 61

    (65) cardinality -> LBRACKET . NUMBER RBRACKET
    (66) cardinality -> LBRACKET . NUMBER RANGE_DOTS STAR RBRACKET
    (67) cardinality -> LBRACKET . NUMBER RANGE_DOTS NUMBER RBRACKET
    (68) cardinality -> LBRACKET . STAR RBRACKET

    NUMBER          shift and go to state 76
    STAR            shift and go to state 77


state 62

    (61) relation_decl_external -> RELATION_STEREOTYPE KW_RELATION CLASS_NAME cardinality . REL_SYM cardinality CLASS_NAME

    REL_SYM         shift and go to state 78


state 63

    (53) genset_inline -> genset_modifiers KW_GENSET identifier_any KW_WHERE . class_list KW_SPECIALIZES CLASS_NAME
    (57) class_list -> . class_list COMMA CLASS_NAME
    (58) class_list -> . CLASS_NAME

    CLASS_NAME      shift and go to state 69

    class_list                     shift and go to state 79

state 64

    (54) genset_block -> genset_modifiers KW_GENSET identifier_any LBRACE . general_decl specifics_decl RBRACE
    (55) general_decl -> . KW_GENERAL CLASS_NAME

    KW_GENERAL      shift and go to state 81

    general_decl                   shift and go to state 80

state 65

    (16) class_decl -> CLASS_STEREOTYPE CLASS_NAME nature_opt inheritance_opt body_opt .

    CLASS_STEREOTYPE reduce using rule 16 (class_decl -> CLASS_STEREOTYPE CLASS_NAME nature_opt inheritance_opt body_opt .)
    KW_DATATYPE     reduce using rule 16 (class_decl -> CLASS_STEREOTYPE CLASS_NAME nature_opt inheritance_opt body_opt .)
    KW_ENUM         reduce using rule 16 (class_decl -> CLASS_STEREOTYPE CLASS_NAME nature_opt inheritance_opt body_opt .)
    RELATION_STEREOTYPE reduce using rule 16 (class_decl -> CLASS_STEREOTYPE CLASS_NAME nature_opt inheritance_opt body_opt .)
    KW_IMPORT       reduce using rule 16 (class_decl -> CLASS_STEREOTYPE CLASS_NAME nature_opt inheritance_opt body_opt .)
    AT              reduce using rule 16 (class_decl -> CLASS_STEREOTYPE CLASS_NAME nature_opt inheritance_opt body_opt .)
    KW_DISJOINT     reduce using rule 16 (class_decl -> CLASS_STEREOTYPE CLASS_NAME nature_opt inheritance_opt body_opt .)
    KW_COMPLETE     reduce using rule 16 (class_decl -> CLASS_STEREOTYPE CLASS_NAME nature_opt inheritance_opt body_opt .)
    KW_RELATION     reduce using rule 16 (class_decl -> CLASS_STEREOTYPE CLASS_NAME nature_opt inheritance_opt body_opt .)
    KW_GENSET       reduce using rule 16 (class_decl -> CLASS_STEREOTYPE CLASS_NAME nature_opt inheritance_opt body_opt .)
    $end            reduce using rule 16 (class_decl -> CLASS_STEREOTYPE CLASS_NAME nature_opt inheritance_opt body_opt .)


state 66

    (21) body_opt -> LBRACE . class_body RBRACE
    (23) class_body -> . class_body member
    (24) class_body -> . member
    (25) member -> . atributo
    (26) member -> . internal_relation
    (29) atributo -> . RELATION_NAME COLON tipo cardinality_opt meta_attribs_opt
    (36) internal_relation -> . opt_at cardinality REL_SYM cardinality CLASS_NAME
    (37) internal_relation -> . opt_at cardinality REL_SYM RELATION_NAME REL_SYM cardinality CLASS_NAME
    (38) internal_relation -> . opt_at REL_SYM RELATION_NAME REL_SYM cardinality CLASS_NAME
    (39) internal_relation -> . REL_SYM RELATION_NAME REL_SYM cardinality CLASS_NAME
    (40) internal_relation -> . opt_at REL_SYM CLASS_NAME
    (62) opt_at -> . AT RELATION_STEREOTYPE
    (63) opt_at -> . RELATION_STEREOTYPE
    (64) opt_at -> . empty
    (71) empty -> .

  ! shift/reduce conflict for REL_SYM resolved as shift
    RELATION_NAME   shift and go to state 57
    REL_SYM         shift and go to state 87
    AT              shift and go to state 29
    RELATION_STEREOTYPE shift and go to state 88
    LBRACKET        reduce using rule 71 (empty -> .)

  ! REL_SYM         [ reduce using rule 71 (empty -> .) ]

    class_body                     shift and go to state 82
    member                         shift and go to state 83
    atributo                       shift and go to state 84
    internal_relation              shift and go to state 85
    opt_at                         shift and go to state 86
    empty                          shift and go to state 89

state 67

    (22) body_opt -> empty .

    CLASS_STEREOTYPE reduce using rule 22 (body_opt -> empty .)
    KW_DATATYPE     reduce using rule 22 (body_opt -> empty .)
    KW_ENUM         reduce using rule 22 (body_opt -> empty .)
    RELATION_STEREOTYPE reduce using rule 22 (body_opt -> empty .)
    KW_IMPORT       reduce using rule 22 (body_opt -> empty .)
    AT              reduce using rule 22 (body_opt -> empty .)
    KW_DISJOINT     reduce using rule 22 (body_opt -> empty .)
    KW_COMPLETE     reduce using rule 22 (body_opt -> empty .)
    KW_RELATION     reduce using rule 22 (body_opt -> empty .)
    KW_GENSET       reduce using rule 22 (body_opt -> empty .)
    $end            reduce using rule 22 (body_opt -> empty .)


state 68

    (19) inheritance_opt -> KW_SPECIALIZES class_list .
    (57) class_list -> class_list . COMMA CLASS_NAME

    LBRACE          reduce using rule 19 (inheritance_opt -> KW_SPECIALIZES class_list .)
    CLASS_STEREOTYPE reduce using rule 19 (inheritance_opt -> KW_SPECIALIZES class_list .)
    KW_DATATYPE     reduce using rule 19 (inheritance_opt -> KW_SPECIALIZES class_list .)
    KW_ENUM         reduce using rule 19 (inheritance_opt -> KW_SPECIALIZES class_list .)
    RELATION_STEREOTYPE reduce using rule 19 (inheritance_opt -> KW_SPECIALIZES class_list .)
    KW_IMPORT       reduce using rule 19 (inheritance_opt -> KW_SPECIALIZES class_list .)
    AT              reduce using rule 19 (inheritance_opt -> KW_SPECIALIZES class_list .)
    KW_DISJOINT     reduce using rule 19 (inheritance_opt -> KW_SPECIALIZES class_list .)
    KW_COMPLETE     reduce using rule 19 (inheritance_opt -> KW_SPECIALIZES class_list .)
    KW_RELATION     reduce using rule 19 (inheritance_opt -> KW_SPECIALIZES class_list .)
    KW_GENSET       reduce using rule 19 (inheritance_opt -> KW_SPECIALIZES class_list .)
    $end            reduce using rule 19 (inheritance_opt -> KW_SPECIALIZES class_list .)
    COMMA           shift and go to state 90


state 69

    (58) class_list -> CLASS_NAME .

    COMMA           reduce using rule 58 (class_list -> CLASS_NAME .)
    LBRACE          reduce using rule 58 (class_list -> CLASS_NAME .)
    CLASS_STEREOTYPE reduce using rule 58 (class_list -> CLASS_NAME .)
    KW_DATATYPE     reduce using rule 58 (class_list -> CLASS_NAME .)
    KW_ENUM         reduce using rule 58 (class_list -> CLASS_NAME .)
    RELATION_STEREOTYPE reduce using rule 58 (class_list -> CLASS_NAME .)
    KW_IMPORT       reduce using rule 58 (class_list -> CLASS_NAME .)
    AT              reduce using rule 58 (class_list -> CLASS_NAME .)
    KW_DISJOINT     reduce using rule 58 (class_list -> CLASS_NAME .)
    KW_COMPLETE     reduce using rule 58 (class_list -> CLASS_NAME .)
    KW_RELATION     reduce using rule 58 (class_list -> CLASS_NAME .)
    KW_GENSET       reduce using rule 58 (class_list -> CLASS_NAME .)
    $end            reduce using rule 58 (class_list -> CLASS_NAME .)
    KW_SPECIALIZES  reduce using rule 58 (class_list -> CLASS_NAME .)
    RBRACE          reduce using rule 58 (class_list -> CLASS_NAME .)


state 70

    (41) datatype_decl -> KW_DATATYPE NEW_TYPE LBRACE atributos_dt RBRACE .

    CLASS_STEREOTYPE reduce using rule 41 (datatype_decl -> KW_DATATYPE NEW_TYPE LBRACE atributos_dt RBRACE .)
    KW_DATATYPE     reduce using rule 41 (datatype_decl -> KW_DATATYPE NEW_TYPE LBRACE atributos_dt RBRACE .)
    KW_ENUM         reduce using rule 41 (datatype_decl -> KW_DATATYPE NEW_TYPE LBRACE atributos_dt RBRACE .)
    RELATION_STEREOTYPE reduce using rule 41 (datatype_decl -> KW_DATATYPE NEW_TYPE LBRACE atributos_dt RBRACE .)
    KW_IMPORT       reduce using rule 41 (datatype_decl -> KW_DATATYPE NEW_TYPE LBRACE atributos_dt RBRACE .)
    AT              reduce using rule 41 (datatype_decl -> KW_DATATYPE NEW_TYPE LBRACE atributos_dt RBRACE .)
    KW_DISJOINT     reduce using rule 41 (datatype_decl -> KW_DATATYPE NEW_TYPE LBRACE atributos_dt RBRACE .)
    KW_COMPLETE     reduce using rule 41 (datatype_decl -> KW_DATATYPE NEW_TYPE LBRACE atributos_dt RBRACE .)
    KW_RELATION     reduce using rule 41 (datatype_decl -> KW_DATATYPE NEW_TYPE LBRACE atributos_dt RBRACE .)
    KW_GENSET       reduce using rule 41 (datatype_decl -> KW_DATATYPE NEW_TYPE LBRACE atributos_dt RBRACE .)
    $end            reduce using rule 41 (datatype_decl -> KW_DATATYPE NEW_TYPE LBRACE atributos_dt RBRACE .)


state 71

    (42) atributos_dt -> atributos_dt atributo .

    RBRACE          reduce using rule 42 (atributos_dt -> atributos_dt atributo .)
    RELATION_NAME   reduce using rule 42 (atributos_dt -> atributos_dt atributo .)


state 72

    (29) atributo -> RELATION_NAME COLON . tipo cardinality_opt meta_attribs_opt
    (33) tipo -> . DATA_TYPE
    (34) tipo -> . NEW_TYPE
    (35) tipo -> . CLASS_NAME

    DATA_TYPE       shift and go to state 92
    NEW_TYPE        shift and go to state 93
    CLASS_NAME      shift and go to state 94

    tipo                           shift and go to state 91

state 73

    (44) enum_decl -> KW_ENUM CLASS_NAME LBRACE lista_enum RBRACE .

    CLASS_STEREOTYPE reduce using rule 44 (enum_decl -> KW_ENUM CLASS_NAME LBRACE lista_enum RBRACE .)
    KW_DATATYPE     reduce using rule 44 (enum_decl -> KW_ENUM CLASS_NAME LBRACE lista_enum RBRACE .)
    KW_ENUM         reduce using rule 44 (enum_decl -> KW_ENUM CLASS_NAME LBRACE lista_enum RBRACE .)
    RELATION_STEREOTYPE reduce using rule 44 (enum_decl -> KW_ENUM CLASS_NAME LBRACE lista_enum RBRACE .)
    KW_IMPORT       reduce using rule 44 (enum_decl -> KW_ENUM CLASS_NAME LBRACE lista_enum RBRACE .)
    AT              reduce using rule 44 (enum_decl -> KW_ENUM CLASS_NAME LBRACE lista_enum RBRACE .)
    KW_DISJOINT     reduce using rule 44 (enum_decl -> KW_ENUM CLASS_NAME LBRACE lista_enum RBRACE .)
    KW_COMPLETE     reduce using rule 44 (enum_decl -> KW_ENUM CLASS_NAME LBRACE lista_enum RBRACE .)
    KW_RELATION     reduce using rule 44 (enum_decl -> KW_ENUM CLASS_NAME LBRACE lista_enum RBRACE .)
    KW_GENSET       reduce using rule 44 (enum_decl -> KW_ENUM CLASS_NAME LBRACE lista_enum RBRACE .)
    $end            reduce using rule 44 (enum_decl -> KW_ENUM CLASS_NAME LBRACE lista_enum RBRACE .)


state 74

    (45) lista_enum -> lista_enum COMMA . CLASS_NAME

    CLASS_NAME      shift and go to state 95


state 75

    (59) relation_decl_external -> opt_at KW_RELATION CLASS_NAME cardinality REL_SYM . cardinality CLASS_NAME
    (60) relation_decl_external -> opt_at KW_RELATION CLASS_NAME cardinality REL_SYM . RELATION_NAME REL_SYM cardinality CLASS_NAME
    (65) cardinality -> . LBRACKET NUMBER RBRACKET
    (66) cardinality -> . LBRACKET NUMBER RANGE_DOTS STAR RBRACKET
    (67) cardinality -> . LBRACKET NUMBER RANGE_DOTS NUMBER RBRACKET
    (68) cardinality -> . LBRACKET STAR RBRACKET

    RELATION_NAME   shift and go to state 97
    LBRACKET        shift and go to state 61

    cardinality                    shift and go to state 96

state 76

    (65) cardinality -> LBRACKET NUMBER . RBRACKET
    (66) cardinality -> LBRACKET NUMBER . RANGE_DOTS STAR RBRACKET
    (67) cardinality -> LBRACKET NUMBER . RANGE_DOTS NUMBER RBRACKET

    RBRACKET        shift and go to state 98
    RANGE_DOTS      shift and go to state 99


state 77

    (68) cardinality -> LBRACKET STAR . RBRACKET

    RBRACKET        shift and go to state 100


state 78

    (61) relation_decl_external -> RELATION_STEREOTYPE KW_RELATION CLASS_NAME cardinality REL_SYM . cardinality CLASS_NAME
    (65) cardinality -> . LBRACKET NUMBER RBRACKET
    (66) cardinality -> . LBRACKET NUMBER RANGE_DOTS STAR RBRACKET
    (67) cardinality -> . LBRACKET NUMBER RANGE_DOTS NUMBER RBRACKET
    (68) cardinality -> . LBRACKET STAR RBRACKET

    LBRACKET        shift and go to state 61

    cardinality                    shift and go to state 101

state 79

    (53) genset_inline -> genset_modifiers KW_GENSET identifier_any KW_WHERE class_list . KW_SPECIALIZES CLASS_NAME
    (57) class_list -> class_list . COMMA CLASS_NAME

    KW_SPECIALIZES  shift and go to state 102
    COMMA           shift and go to state 90


state 80

    (54) genset_block -> genset_modifiers KW_GENSET identifier_any LBRACE general_decl . specifics_decl RBRACE
    (56) specifics_decl -> . KW_SPECIFICS class_list

    KW_SPECIFICS    shift and go to state 104

    specifics_decl                 shift and go to state 103

state 81

    (55) general_decl -> KW_GENERAL . CLASS_NAME

    CLASS_NAME      shift and go to state 105


state 82

    (21) body_opt -> LBRACE class_body . RBRACE
    (23) class_body -> class_body . member
    (25) member -> . atributo
    (26) member -> . internal_relation
    (29) atributo -> . RELATION_NAME COLON tipo cardinality_opt meta_attribs_opt
    (36) internal_relation -> . opt_at cardinality REL_SYM cardinality CLASS_NAME
    (37) internal_relation -> . opt_at cardinality REL_SYM RELATION_NAME REL_SYM cardinality CLASS_NAME
    (38) internal_relation -> . opt_at REL_SYM RELATION_NAME REL_SYM cardinality CLASS_NAME
    (39) internal_relation -> . REL_SYM RELATION_NAME REL_SYM cardinality CLASS_NAME
    (40) internal_relation -> . opt_at REL_SYM CLASS_NAME
    (62) opt_at -> . AT RELATION_STEREOTYPE
    (63) opt_at -> . RELATION_STEREOTYPE
    (64) opt_at -> . empty
    (71) empty -> .

  ! shift/reduce conflict for REL_SYM resolved as shift
    RBRACE          shift and go to state 106
    RELATION_NAME   shift and go to state 57
    REL_SYM         shift and go to state 87
    AT              shift and go to state 29
    RELATION_STEREOTYPE shift and go to state 88
    LBRACKET        reduce using rule 71 (empty -> .)

  ! REL_SYM         [ reduce using rule 71 (empty -> .) ]

    member                         shift and go to state 107
    atributo                       shift and go to state 84
    internal_relation              shift and go to state 85
    opt_at                         shift and go to state 86
    empty                          shift and go to state 89

state 83

    (24) class_body -> member .

    RBRACE          reduce using rule 24 (class_body -> member .)
    RELATION_NAME   reduce using rule 24 (class_body -> member .)
    REL_SYM         reduce using rule 24 (class_body -> member .)
    AT              reduce using rule 24 (class_body -> member .)
    RELATION_STEREOTYPE reduce using rule 24 (class_body -> member .)
    LBRACKET        reduce using rule 24 (class_body -> member .)


state 84

    (25) member -> atributo .

    RBRACE          reduce using rule 25 (member -> atributo .)
    RELATION_NAME   reduce using rule 25 (member -> atributo .)
    REL_SYM         reduce using rule 25 (member -> atributo .)
    AT              reduce using rule 25 (member -> atributo .)
    RELATION_STEREOTYPE reduce using rule 25 (member -> atributo .)
    LBRACKET        reduce using rule 25 (member -> atributo .)


state 85

    (26) member -> internal_relation .

    RBRACE          reduce using rule 26 (member -> internal_relation .)
    RELATION_NAME   reduce using rule 26 (member -> internal_relation .)
    REL_SYM         reduce using rule 26 (member -> internal_relation .)
    AT              reduce using rule 26 (member -> internal_relation .)
    RELATION_STEREOTYPE reduce using rule 26 (member -> internal_relation .)
    LBRACKET        reduce using rule 26 (member -> internal_relation .)


state 86

    (36) internal_relation -> opt_at . cardinality REL_SYM cardinality CLASS_NAME
    (37) internal_relation -> opt_at . cardinality REL_SYM RELATION_NAME REL_SYM cardinality CLASS_NAME
    (38) internal_relation -> opt_at . REL_SYM RELATION_NAME REL_SYM cardinality CLASS_NAME
    (40) internal_relation -> opt_at . REL_SYM CLASS_NAME
    (65) cardinality -> . LBRACKET NUMBER RBRACKET
    (66) cardinality -> . LBRACKET NUMBER RANGE_DOTS STAR RBRACKET
    (67) cardinality -> . LBRACKET NUMBER RANGE_DOTS NUMBER RBRACKET
    (68) cardinality -> . LBRACKET STAR RBRACKET

    REL_SYM         shift and go to state 109
    LBRACKET        shift and go to state 61

    cardinality                    shift and go to state 108

state 87

    (39) internal_relation -> REL_SYM . RELATION_NAME REL_SYM cardinality CLASS_NAME

    RELATION_NAME   shift and go to state 110


state 88

    (63) opt_at -> RELATION_STEREOTYPE .

    REL_SYM         reduce using rule 63 (opt_at -> RELATION_STEREOTYPE .)
    LBRACKET        reduce using rule 63 (opt_at -> RELATION_STEREOTYPE .)


state 89

    (64) opt_at -> empty .

    REL_SYM         reduce using rule 64 (opt_at -> empty .)
    LBRACKET        reduce using rule 64 (opt_at -> empty .)


state 90

    (57) class_list -> class_list COMMA . CLASS_NAME

    CLASS_NAME      shift and go to state 111


state 91

    (29) atributo -> RELATION_NAME COLON tipo . cardinality_opt meta_attribs_opt
    (27) cardinality_opt -> . cardinality
    (28) cardinality_opt -> . empty
    (65) cardinality -> . LBRACKET NUMBER RBRACKET
    (66) cardinality -> . LBRACKET NUMBER RANGE_DOTS STAR RBRACKET
    (67) cardinality -> . LBRACKET NUMBER RANGE_DOTS NUMBER RBRACKET
    (68) cardinality -> . LBRACKET STAR RBRACKET
    (71) empty -> .

  ! shift/reduce conflict for LBRACKET resolved as shift
    LBRACKET        shift and go to state 61
    LBRACE          reduce using rule 71 (empty -> .)
    RBRACE          reduce using rule 71 (empty -> .)
    RELATION_NAME   reduce using rule 71 (empty -> .)
    REL_SYM         reduce using rule 71 (empty -> .)
    AT              reduce using rule 71 (empty -> .)
    RELATION_STEREOTYPE reduce using rule 71 (empty -> .)

  ! LBRACKET        [ reduce using rule 71 (empty -> .) ]

    cardinality_opt                shift and go to state 112
    cardinality                    shift and go to state 113
    empty                          shift and go to state 114

state 92

    (33) tipo -> DATA_TYPE .

    LBRACKET        reduce using rule 33 (tipo -> DATA_TYPE .)
    LBRACE          reduce using rule 33 (tipo -> DATA_TYPE .)
    RBRACE          reduce using rule 33 (tipo -> DATA_TYPE .)
    RELATION_NAME   reduce using rule 33 (tipo -> DATA_TYPE .)
    REL_SYM         reduce using rule 33 (tipo -> DATA_TYPE .)
    AT              reduce using rule 33 (tipo -> DATA_TYPE .)
    RELATION_STEREOTYPE reduce using rule 33 (tipo -> DATA_TYPE .)


state 93

    (34) tipo -> NEW_TYPE .

    LBRACKET        reduce using rule 34 (tipo -> NEW_TYPE .)
    LBRACE          reduce using rule 34 (tipo -> NEW_TYPE .)
    RBRACE          reduce using rule 34 (tipo -> NEW_TYPE .)
    RELATION_NAME   reduce using rule 34 (tipo -> NEW_TYPE .)
    REL_SYM         reduce using rule 34 (tipo -> NEW_TYPE .)
    AT              reduce using rule 34 (tipo -> NEW_TYPE .)
    RELATION_STEREOTYPE reduce using rule 34 (tipo -> NEW_TYPE .)


state 94

    (35) tipo -> CLASS_NAME .

    LBRACKET        reduce using rule 35 (tipo -> CLASS_NAME .)
    LBRACE          reduce using rule 35 (tipo -> CLASS_NAME .)
    RBRACE          reduce using rule 35 (tipo -> CLASS_NAME .)
    RELATION_NAME   reduce using rule 35 (tipo -> CLASS_NAME .)
    REL_SYM         reduce using rule 35 (tipo -> CLASS_NAME .)
    AT              reduce using rule 35 (tipo -> CLASS_NAME .)
    RELATION_STEREOTYPE reduce using rule 35 (tipo -> CLASS_NAME .)


state 95

    (45) lista_enum -> lista_enum COMMA CLASS_NAME .

    RBRACE          reduce using rule 45 (lista_enum -> lista_enum COMMA CLASS_NAME .)
    COMMA           reduce using rule 45 (lista_enum -> lista_enum COMMA CLASS_NAME .)


state 96

    (59) relation_decl_external -> opt_at KW_RELATION CLASS_NAME cardinality REL_SYM cardinality . CLASS_NAME

    CLASS_NAME      shift and go to state 115


state 97

    (60) relation_decl_external -> opt_at KW_RELATION CLASS_NAME cardinality REL_SYM RELATION_NAME . REL_SYM cardinality CLASS_NAME

    REL_SYM         shift and go to state 116


state 98

    (65) cardinality -> LBRACKET NUMBER RBRACKET .

    REL_SYM         reduce using rule 65 (cardinality -> LBRACKET NUMBER RBRACKET .)
    CLASS_NAME      reduce using rule 65 (cardinality -> LBRACKET NUMBER RBRACKET .)
    LBRACE          reduce using rule 65 (cardinality -> LBRACKET NUMBER RBRACKET .)
    RBRACE          reduce using rule 65 (cardinality -> LBRACKET NUMBER RBRACKET .)
    RELATION_NAME   reduce using rule 65 (cardinality -> LBRACKET NUMBER RBRACKET .)
    AT              reduce using rule 65 (cardinality -> LBRACKET NUMBER RBRACKET .)
    RELATION_STEREOTYPE reduce using rule 65 (cardinality -> LBRACKET NUMBER RBRACKET .)
    LBRACKET        reduce using rule 65 (cardinality -> LBRACKET NUMBER RBRACKET .)


state 99

    (66) cardinality -> LBRACKET NUMBER RANGE_DOTS . STAR RBRACKET
    (67) cardinality -> LBRACKET NUMBER RANGE_DOTS . NUMBER RBRACKET

    STAR            shift and go to state 118
    NUMBER          shift and go to state 117


state 100

    (68) cardinality -> LBRACKET STAR RBRACKET .

    REL_SYM         reduce using rule 68 (cardinality -> LBRACKET STAR RBRACKET .)
    CLASS_NAME      reduce using rule 68 (cardinality -> LBRACKET STAR RBRACKET .)
    LBRACE          reduce using rule 68 (cardinality -> LBRACKET STAR RBRACKET .)
    RBRACE          reduce using rule 68 (cardinality -> LBRACKET STAR RBRACKET .)
    RELATION_NAME   reduce using rule 68 (cardinality -> LBRACKET STAR RBRACKET .)
    AT              reduce using rule 68 (cardinality -> LBRACKET STAR RBRACKET .)
    RELATION_STEREOTYPE reduce using rule 68 (cardinality -> LBRACKET STAR RBRACKET .)
    LBRACKET        reduce using rule 68 (cardinality -> LBRACKET STAR RBRACKET .)


state 101

    (61) relation_decl_external -> RELATION_STEREOTYPE KW_RELATION CLASS_NAME cardinality REL_SYM cardinality . CLASS_NAME

    CLASS_NAME      shift and go to state 119


state 102

    (53) genset_inline -> genset_modifiers KW_GENSET identifier_any KW_WHERE class_list KW_SPECIALIZES . CLASS_NAME

    CLASS_NAME      shift and go to state 120


state 103

    (54) genset_block -> genset_modifiers KW_GENSET identifier_any LBRACE general_decl specifics_decl . RBRACE

    RBRACE          shift and go to state 121


state 104

    (56) specifics_decl -> KW_SPECIFICS . class_list
    (57) class_list -> . class_list COMMA CLASS_NAME
    (58) class_list -> . CLASS_NAME

    CLASS_NAME      shift and go to state 69

    class_list                     shift and go to state 122

state 105

    (55) general_decl -> KW_GENERAL CLASS_NAME .

    KW_SPECIFICS    reduce using rule 55 (general_decl -> KW_GENERAL CLASS_NAME .)


state 106

    (21) body_opt -> LBRACE class_body RBRACE .

    CLASS_STEREOTYPE reduce using rule 21 (body_opt -> LBRACE class_body RBRACE .)
    KW_DATATYPE     reduce using rule 21 (body_opt -> LBRACE class_body RBRACE .)
    KW_ENUM         reduce using rule 21 (body_opt -> LBRACE class_body RBRACE .)
    RELATION_STEREOTYPE reduce using rule 21 (body_opt -> LBRACE class_body RBRACE .)
    KW_IMPORT       reduce using rule 21 (body_opt -> LBRACE class_body RBRACE .)
    AT              reduce using rule 21 (body_opt -> LBRACE class_body RBRACE .)
    KW_DISJOINT     reduce using rule 21 (body_opt -> LBRACE class_body RBRACE .)
    KW_COMPLETE     reduce using rule 21 (body_opt -> LBRACE class_body RBRACE .)
    KW_RELATION     reduce using rule 21 (body_opt -> LBRACE class_body RBRACE .)
    KW_GENSET       reduce using rule 21 (body_opt -> LBRACE class_body RBRACE .)
    $end            reduce using rule 21 (body_opt -> LBRACE class_body RBRACE .)


state 107

    (23) class_body -> class_body member .

    RBRACE          reduce using rule 23 (class_body -> class_body member .)
    RELATION_NAME   reduce using rule 23 (class_body -> class_body member .)
    REL_SYM         reduce using rule 23 (class_body -> class_body member .)
    AT              reduce using rule 23 (class_body -> class_body member .)
    RELATION_STEREOTYPE reduce using rule 23 (class_body -> class_body member .)
    LBRACKET        reduce using rule 23 (class_body -> class_body member .)


state 108

    (36) internal_relation -> opt_at cardinality . REL_SYM cardinality CLASS_NAME
    (37) internal_relation -> opt_at cardinality . REL_SYM RELATION_NAME REL_SYM cardinality CLASS_NAME

    REL_SYM         shift and go to state 123


state 109

    (38) internal_relation -> opt_at REL_SYM . RELATION_NAME REL_SYM cardinality CLASS_NAME
    (40) internal_relation -> opt_at REL_SYM . CLASS_NAME

    RELATION_NAME   shift and go to state 124
    CLASS_NAME      shift and go to state 125


state 110

    (39) internal_relation -> REL_SYM RELATION_NAME . REL_SYM cardinality CLASS_NAME

    REL_SYM         shift and go to state 126


state 111

    (57) class_list -> class_list COMMA CLASS_NAME .

    COMMA           reduce using rule 57 (class_list -> class_list COMMA CLASS_NAME .)
    LBRACE          reduce using rule 57 (class_list -> class_list COMMA CLASS_NAME .)
    CLASS_STEREOTYPE reduce using rule 57 (class_list -> class_list COMMA CLASS_NAME .)
    KW_DATATYPE     reduce using rule 57 (class_list -> class_list COMMA CLASS_NAME .)
    KW_ENUM         reduce using rule 57 (class_list -> class_list COMMA CLASS_NAME .)
    RELATION_STEREOTYPE reduce using rule 57 (class_list -> class_list COMMA CLASS_NAME .)
    KW_IMPORT       reduce using rule 57 (class_list -> class_list COMMA CLASS_NAME .)
    AT              reduce using rule 57 (class_list -> class_list COMMA CLASS_NAME .)
    KW_DISJOINT     reduce using rule 57 (class_list -> class_list COMMA CLASS_NAME .)
    KW_COMPLETE     reduce using rule 57 (class_list -> class_list COMMA CLASS_NAME .)
    KW_RELATION     reduce using rule 57 (class_list -> class_list COMMA CLASS_NAME .)
    KW_GENSET       reduce using rule 57 (class_list -> class_list COMMA CLASS_NAME .)
    $end            reduce using rule 57 (class_list -> class_list COMMA CLASS_NAME .)
    KW_SPECIALIZES  reduce using rule 57 (class_list -> class_list COMMA CLASS_NAME .)
    RBRACE          reduce using rule 57 (class_list -> class_list COMMA CLASS_NAME .)


state 112

    (29) atributo -> RELATION_NAME COLON tipo cardinality_opt . meta_attribs_opt
    (30) meta_attribs_opt -> . LBRACE RELATION_NAME RBRACE
    (31) meta_attribs_opt -> . LBRACE RBRACE
    (32) meta_attribs_opt -> . empty
    (71) empty -> .

    LBRACE          shift and go to state 128
    RBRACE          reduce using rule 71 (empty -> .)
    RELATION_NAME   reduce using rule 71 (empty -> .)
    REL_SYM         reduce using rule 71 (empty -> .)
    AT              reduce using rule 71 (empty -> .)
    RELATION_STEREOTYPE reduce using rule 71 (empty -> .)
    LBRACKET        reduce using rule 71 (empty -> .)

    meta_attribs_opt               shift and go to state 127
    empty                          shift and go to state 129

state 113

    (27) cardinality_opt -> cardinality .

    LBRACE          reduce using rule 27 (cardinality_opt -> cardinality .)
    RBRACE          reduce using rule 27 (cardinality_opt -> cardinality .)
    RELATION_NAME   reduce using rule 27 (cardinality_opt -> cardinality .)
    REL_SYM         reduce using rule 27 (cardinality_opt -> cardinality .)
    AT              reduce using rule 27 (cardinality_opt -> cardinality .)
    RELATION_STEREOTYPE reduce using rule 27 (cardinality_opt -> cardinality .)
    LBRACKET        reduce using rule 27 (cardinality_opt -> cardinality .)


state 114

    (28) cardinality_opt -> empty .

    LBRACE          reduce using rule 28 (cardinality_opt -> empty .)
    RBRACE          reduce using rule 28 (cardinality_opt -> empty .)
    RELATION_NAME   reduce using rule 28 (cardinality_opt -> empty .)
    REL_SYM         reduce using rule 28 (cardinality_opt -> empty .)
    AT              reduce using rule 28 (cardinality_opt -> empty .)
    RELATION_STEREOTYPE reduce using rule 28 (cardinality_opt -> empty .)
    LBRACKET        reduce using rule 28 (cardinality_opt -> empty .)


state 115

    (59) relation_decl_external -> opt_at KW_RELATION CLASS_NAME cardinality REL_SYM cardinality CLASS_NAME .

    CLASS_STEREOTYPE reduce using rule 59 (relation_decl_external -> opt_at KW_RELATION CLASS_NAME cardinality REL_SYM cardinality CLASS_NAME .)
    KW_DATATYPE     reduce using rule 59 (relation_decl_external -> opt_at KW_RELATION CLASS_NAME cardinality REL_SYM cardinality CLASS_NAME .)
    KW_ENUM         reduce using rule 59 (relation_decl_external -> opt_at KW_RELATION CLASS_NAME cardinality REL_SYM cardinality CLASS_NAME .)
    RELATION_STEREOTYPE reduce using rule 59 (relation_decl_external -> opt_at KW_RELATION CLASS_NAME cardinality REL_SYM cardinality CLASS_NAME .)
    KW_IMPORT       reduce using rule 59 (relation_decl_external -> opt_at KW_RELATION CLASS_NAME cardinality REL_SYM cardinality CLASS_NAME .)
    AT              reduce using rule 59 (relation_decl_external -> opt_at KW_RELATION CLASS_NAME cardinality REL_SYM cardinality CLASS_NAME .)
    KW_DISJOINT     reduce using rule 59 (relation_decl_external -> opt_at KW_RELATION CLASS_NAME cardinality REL_SYM cardinality CLASS_NAME .)
    KW_COMPLETE     reduce using rule 59 (relation_decl_external -> opt_at KW_RELATION CLASS_NAME cardinality REL_SYM cardinality CLASS_NAME .)
    KW_RELATION     reduce using rule 59 (relation_decl_external -> opt_at KW_RELATION CLASS_NAME cardinality REL_SYM cardinality CLASS_NAME .)
    KW_GENSET       reduce using rule 59 (relation_decl_external -> opt_at KW_RELATION CLASS_NAME cardinality REL_SYM cardinality CLASS_NAME .)
    $end            reduce using rule 59 (relation_decl_external -> opt_at KW_RELATION CLASS_NAME cardinality REL_SYM cardinality CLASS_NAME .)


state 116

    (60) relation_decl_external -> opt_at KW_RELATION CLASS_NAME cardinality REL_SYM RELATION_NAME REL_SYM . cardinality CLASS_NAME
    (65) cardinality -> . LBRACKET NUMBER RBRACKET
    (66) cardinality -> . LBRACKET NUMBER RANGE_DOTS STAR RBRACKET
    (67) cardinality -> . LBRACKET NUMBER RANGE_DOTS NUMBER RBRACKET
    (68) cardinality -> . LBRACKET STAR RBRACKET

    LBRACKET        shift and go to state 61

    cardinality                    shift and go to state 130

state 117

    (67) cardinality -> LBRACKET NUMBER RANGE_DOTS NUMBER . RBRACKET

    RBRACKET        shift and go to state 131


state 118

    (66) cardinality -> LBRACKET NUMBER RANGE_DOTS STAR . RBRACKET

    RBRACKET        shift and go to state 132


state 119

    (61) relation_decl_external -> RELATION_STEREOTYPE KW_RELATION CLASS_NAME cardinality REL_SYM cardinality CLASS_NAME .

    CLASS_STEREOTYPE reduce using rule 61 (relation_decl_external -> RELATION_STEREOTYPE KW_RELATION CLASS_NAME cardinality REL_SYM cardinality CLASS_NAME .)
    KW_DATATYPE     reduce using rule 61 (relation_decl_external -> RELATION_STEREOTYPE KW_RELATION CLASS_NAME cardinality REL_SYM cardinality CLASS_NAME .)
    KW_ENUM         reduce using rule 61 (relation_decl_external -> RELATION_STEREOTYPE KW_RELATION CLASS_NAME cardinality REL_SYM cardinality CLASS_NAME .)
    RELATION_STEREOTYPE reduce using rule 61 (relation_decl_external -> RELATION_STEREOTYPE KW_RELATION CLASS_NAME cardinality REL_SYM cardinality CLASS_NAME .)
    KW_IMPORT       reduce using rule 61 (relation_decl_external -> RELATION_STEREOTYPE KW_RELATION CLASS_NAME cardinality REL_SYM cardinality CLASS_NAME .)
    AT              reduce using rule 61 (relation_decl_external -> RELATION_STEREOTYPE KW_RELATION CLASS_NAME cardinality REL_SYM cardinality CLASS_NAME .)
    KW_DISJOINT     reduce using rule 61 (relation_decl_external -> RELATION_STEREOTYPE KW_RELATION CLASS_NAME cardinality REL_SYM cardinality CLASS_NAME .)
    KW_COMPLETE     reduce using rule 61 (relation_decl_external -> RELATION_STEREOTYPE KW_RELATION CLASS_NAME cardinality REL_SYM cardinality CLASS_NAME .)
    KW_RELATION     reduce using rule 61 (relation_decl_external -> RELATION_STEREOTYPE KW_RELATION CLASS_NAME cardinality REL_SYM cardinality CLASS_NAME .)
    KW_GENSET       reduce using rule 61 (relation_decl_external -> RELATION_STEREOTYPE KW_RELATION CLASS_NAME cardinality REL_SYM cardinality CLASS_NAME .)
    $end            reduce using rule 61 (relation_decl_external -> RELATION_STEREOTYPE KW_RELATION CLASS_NAME cardinality REL_SYM cardinality CLASS_NAME .)


state 120

    (53) genset_inline -> genset_modifiers KW_GENSET identifier_any KW_WHERE class_list KW_SPECIALIZES CLASS_NAME .

    CLASS_STEREOTYPE reduce using rule 53 (genset_inline -> genset_modifiers KW_GENSET identifier_any KW_WHERE class_list KW_SPECIALIZES CLASS_NAME .)
    KW_DATATYPE     reduce using rule 53 (genset_inline -> genset_modifiers KW_GENSET identifier_any KW_WHERE class_list KW_SPECIALIZES CLASS_NAME .)
    KW_ENUM         reduce using rule 53 (genset_inline -> genset_modifiers KW_GENSET identifier_any KW_WHERE class_list KW_SPECIALIZES CLASS_NAME .)
    RELATION_STEREOTYPE reduce using rule 53 (genset_inline -> genset_modifiers KW_GENSET identifier_any KW_WHERE class_list KW_SPECIALIZES CLASS_NAME .)
    KW_IMPORT       reduce using rule 53 (genset_inline -> genset_modifiers KW_GENSET identifier_any KW_WHERE class_list KW_SPECIALIZES CLASS_NAME .)
    AT              reduce using rule 53 (genset_inline -> genset_modifiers KW_GENSET identifier_any KW_WHERE class_list KW_SPECIALIZES CLASS_NAME .)
    KW_DISJOINT     reduce using rule 53 (genset_inline -> genset_modifiers KW_GENSET identifier_any KW_WHERE class_list KW_SPECIALIZES CLASS_NAME .)
    KW_COMPLETE     reduce using rule 53 (genset_inline -> genset_modifiers KW_GENSET identifier_any KW_WHERE class_list KW_SPECIALIZES CLASS_NAME .)
    KW_RELATION     reduce using rule 53 (genset_inline -> genset_modifiers KW_GENSET identifier_any KW_WHERE class_list KW_SPECIALIZES CLASS_NAME .)
    KW_GENSET       reduce using rule 53 (genset_inline -> genset_modifiers KW_GENSET identifier_any KW_WHERE class_list KW_SPECIALIZES CLASS_NAME .)
    $end            reduce using rule 53 (genset_inline -> genset_modifiers KW_GENSET identifier_any KW_WHERE class_list KW_SPECIALIZES CLASS_NAME .)


state 121

    (54) genset_block -> genset_modifiers KW_GENSET identifier_any LBRACE general_decl specifics_decl RBRACE .

    CLASS_STEREOTYPE reduce using rule 54 (genset_block -> genset_modifiers KW_GENSET identifier_any LBRACE general_decl specifics_decl RBRACE .)
    KW_DATATYPE     reduce using rule 54 (genset_block -> genset_modifiers KW_GENSET identifier_any LBRACE general_decl specifics_decl RBRACE .)
    KW_ENUM         reduce using rule 54 (genset_block -> genset_modifiers KW_GENSET identifier_any LBRACE general_decl specifics_decl RBRACE .)
    RELATION_STEREOTYPE reduce using rule 54 (genset_block -> genset_modifiers KW_GENSET identifier_any LBRACE general_decl specifics_decl RBRACE .)
    KW_IMPORT       reduce using rule 54 (genset_block -> genset_modifiers KW_GENSET identifier_any LBRACE general_decl specifics_decl RBRACE .)
    AT              reduce using rule 54 (genset_block -> genset_modifiers KW_GENSET identifier_any LBRACE general_decl specifics_decl RBRACE .)
    KW_DISJOINT     reduce using rule 54 (genset_block -> genset_modifiers KW_GENSET identifier_any LBRACE general_decl specifics_decl RBRACE .)
    KW_COMPLETE     reduce using rule 54 (genset_block -> genset_modifiers KW_GENSET identifier_any LBRACE general_decl specifics_decl RBRACE .)
    KW_RELATION     reduce using rule 54 (genset_block -> genset_modifiers KW_GENSET identifier_any LBRACE general_decl specifics_decl RBRACE .)
    KW_GENSET       reduce using rule 54 (genset_block -> genset_modifiers KW_GENSET identifier_any LBRACE general_decl specifics_decl RBRACE .)
    $end            reduce using rule 54 (genset_block -> genset_modifiers KW_GENSET identifier_any LBRACE general_decl specifics_decl RBRACE .)


state 122

    (56) specifics_decl -> KW_SPECIFICS class_list .
    (57) class_list -> class_list . COMMA CLASS_NAME

    RBRACE          reduce using rule 56 (specifics_decl -> KW_SPECIFICS class_list .)
    COMMA           shift and go to state 90


state 123

    (36) internal_relation -> opt_at cardinality REL_SYM . cardinality CLASS_NAME
    (37) internal_relation -> opt_at cardinality REL_SYM . RELATION_NAME REL_SYM cardinality CLASS_NAME
    (65) cardinality -> . LBRACKET NUMBER RBRACKET
    (66) cardinality -> . LBRACKET NUMBER RANGE_DOTS STAR RBRACKET
    (67) cardinality -> . LBRACKET NUMBER RANGE_DOTS NUMBER RBRACKET
    (68) cardinality -> . LBRACKET STAR RBRACKET

    RELATION_NAME   shift and go to state 134
    LBRACKET        shift and go to state 61

    cardinality                    shift and go to state 133

state 124

    (38) internal_relation -> opt_at REL_SYM RELATION_NAME . REL_SYM cardinality CLASS_NAME

    REL_SYM         shift and go to state 135


state 125

    (40) internal_relation -> opt_at REL_SYM CLASS_NAME .

    RBRACE          reduce using rule 40 (internal_relation -> opt_at REL_SYM CLASS_NAME .)
    RELATION_NAME   reduce using rule 40 (internal_relation -> opt_at REL_SYM CLASS_NAME .)
    REL_SYM         reduce using rule 40 (internal_relation -> opt_at REL_SYM CLASS_NAME .)
    AT              reduce using rule 40 (internal_relation -> opt_at REL_SYM CLASS_NAME .)
    RELATION_STEREOTYPE reduce using rule 40 (internal_relation -> opt_at REL_SYM CLASS_NAME .)
    LBRACKET        reduce using rule 40 (internal_relation -> opt_at REL_SYM CLASS_NAME .)


state 126

    (39) internal_relation -> REL_SYM RELATION_NAME REL_SYM . cardinality CLASS_NAME
    (65) cardinality -> . LBRACKET NUMBER RBRACKET
    (66) cardinality -> . LBRACKET NUMBER RANGE_DOTS STAR RBRACKET
    (67) cardinality -> . LBRACKET NUMBER RANGE_DOTS NUMBER RBRACKET
    (68) cardinality -> . LBRACKET STAR RBRACKET

    LBRACKET        shift and go to state 61

    cardinality                    shift and go to state 136

state 127

    (29) atributo -> RELATION_NAME COLON tipo cardinality_opt meta_attribs_opt .

    RBRACE          reduce using rule 29 (atributo -> RELATION_NAME COLON tipo cardinality_opt meta_attribs_opt .)
    RELATION_NAME   reduce using rule 29 (atributo -> RELATION_NAME COLON tipo cardinality_opt meta_attribs_opt .)
    REL_SYM         reduce using rule 29 (atributo -> RELATION_NAME COLON tipo cardinality_opt meta_attribs_opt .)
    AT              reduce using rule 29 (atributo -> RELATION_NAME COLON tipo cardinality_opt meta_attribs_opt .)
    RELATION_STEREOTYPE reduce using rule 29 (atributo -> RELATION_NAME COLON tipo cardinality_opt meta_attribs_opt .)
    LBRACKET        reduce using rule 29 (atributo -> RELATION_NAME COLON tipo cardinality_opt meta_attribs_opt .)


state 128

    (30) meta_attribs_opt -> LBRACE . RELATION_NAME RBRACE
    (31) meta_attribs_opt -> LBRACE . RBRACE

    RELATION_NAME   shift and go to state 137
    RBRACE          shift and go to state 138


state 129

    (32) meta_attribs_opt -> empty .

    RBRACE          reduce using rule 32 (meta_attribs_opt -> empty .)
    RELATION_NAME   reduce using rule 32 (meta_attribs_opt -> empty .)
    REL_SYM         reduce using rule 32 (meta_attribs_opt -> empty .)
    AT              reduce using rule 32 (meta_attribs_opt -> empty .)
    RELATION_STEREOTYPE reduce using rule 32 (meta_attribs_opt -> empty .)
    LBRACKET        reduce using rule 32 (meta_attribs_opt -> empty .)


state 130

    (60) relation_decl_external -> opt_at KW_RELATION CLASS_NAME cardinality REL_SYM RELATION_NAME REL_SYM cardinality . CLASS_NAME

    CLASS_NAME      shift and go to state 139


state 131

    (67) cardinality -> LBRACKET NUMBER RANGE_DOTS NUMBER RBRACKET .

    REL_SYM         reduce using rule 67 (cardinality -> LBRACKET NUMBER RANGE_DOTS NUMBER RBRACKET .)
    CLASS_NAME      reduce using rule 67 (cardinality -> LBRACKET NUMBER RANGE_DOTS NUMBER RBRACKET .)
    LBRACE          reduce using rule 67 (cardinality -> LBRACKET NUMBER RANGE_DOTS NUMBER RBRACKET .)
    RBRACE          reduce using rule 67 (cardinality -> LBRACKET NUMBER RANGE_DOTS NUMBER RBRACKET .)
    RELATION_NAME   reduce using rule 67 (cardinality -> LBRACKET NUMBER RANGE_DOTS NUMBER RBRACKET .)
    AT              reduce using rule 67 (cardinality -> LBRACKET NUMBER RANGE_DOTS NUMBER RBRACKET .)
    RELATION_STEREOTYPE reduce using rule 67 (cardinality -> LBRACKET NUMBER RANGE_DOTS NUMBER RBRACKET .)
    LBRACKET        reduce using rule 67 (cardinality -> LBRACKET NUMBER RANGE_DOTS NUMBER RBRACKET .)


state 132

    (66) cardinality -> LBRACKET NUMBER RANGE_DOTS STAR RBRACKET .

    REL_SYM         reduce using rule 66 (cardinality -> LBRACKET NUMBER RANGE_DOTS STAR RBRACKET .)
    CLASS_NAME      reduce using rule 66 (cardinality -> LBRACKET NUMBER RANGE_DOTS STAR RBRACKET .)
    LBRACE          reduce using rule 66 (cardinality -> LBRACKET NUMBER RANGE_DOTS STAR RBRACKET .)
    RBRACE          reduce using rule 66 (cardinality -> LBRACKET NUMBER RANGE_DOTS STAR RBRACKET .)
    RELATION_NAME   reduce using rule 66 (cardinality -> LBRACKET NUMBER RANGE_DOTS STAR RBRACKET .)
    AT              reduce using rule 66 (cardinality -> LBRACKET NUMBER RANGE_DOTS STAR RBRACKET .)
    RELATION_STEREOTYPE reduce using rule 66 (cardinality -> LBRACKET NUMBER RANGE_DOTS STAR RBRACKET .)
    LBRACKET        reduce using rule 66 (cardinality -> LBRACKET NUMBER RANGE_DOTS STAR RBRACKET .)


state 133

    (36) internal_relation -> opt_at cardinality REL_SYM cardinality . CLASS_NAME

    CLASS_NAME      shift and go to state 140


state 134

    (37) internal_relation -> opt_at cardinality REL_SYM RELATION_NAME . REL_SYM cardinality CLASS_NAME

    REL_SYM         shift and go to state 141


state 135

    (38) internal_relation -> opt_at REL_SYM RELATION_NAME REL_SYM . cardinality CLASS_NAME
    (65) cardinality -> . LBRACKET NUMBER RBRACKET
    (66) cardinality -> . LBRACKET NUMBER RANGE_DOTS STAR RBRACKET
    (67) cardinality -> . LBRACKET NUMBER RANGE_DOTS NUMBER RBRACKET
    (68) cardinality -> . LBRACKET STAR RBRACKET

    LBRACKET        shift and go to state 61

    cardinality                    shift and go to state 142

state 136

    (39) internal_relation -> REL_SYM RELATION_NAME REL_SYM cardinality . CLASS_NAME

    CLASS_NAME      shift and go to state 143


state 137

    (30) meta_attribs_opt -> LBRACE RELATION_NAME . RBRACE

    RBRACE          shift and go to state 144


state 138

    (31) meta_attribs_opt -> LBRACE RBRACE .

    RBRACE          reduce using rule 31 (meta_attribs_opt -> LBRACE RBRACE .)
    RELATION_NAME   reduce using rule 31 (meta_attribs_opt -> LBRACE RBRACE .)
    REL_SYM         reduce using rule 31 (meta_attribs_opt -> LBRACE RBRACE .)
    AT              reduce using rule 31 (meta_attribs_opt -> LBRACE RBRACE .)
    RELATION_STEREOTYPE reduce using rule 31 (meta_attribs_opt -> LBRACE RBRACE .)
    LBRACKET        reduce using rule 31 (meta_attribs_opt -> LBRACE RBRACE .)


state 139

    (60) relation_decl_external -> opt_at KW_RELATION CLASS_NAME cardinality REL_SYM RELATION_NAME REL_SYM cardinality CLASS_NAME .

    CLASS_STEREOTYPE reduce using rule 60 (relation_decl_external -> opt_at KW_RELATION CLASS_NAME cardinality REL_SYM RELATION_NAME REL_SYM cardinality CLASS_NAME .)
    KW_DATATYPE     reduce using rule 60 (relation_decl_external -> opt_at KW_RELATION CLASS_NAME cardinality REL_SYM RELATION_NAME REL_SYM cardinality CLASS_NAME .)
    KW_ENUM         reduce using rule 60 (relation_decl_external -> opt_at KW_RELATION CLASS_NAME cardinality REL_SYM RELATION_NAME REL_SYM cardinality CLASS_NAME .)
    RELATION_STEREOTYPE reduce using rule 60 (relation_decl_external -> opt_at KW_RELATION CLASS_NAME cardinality REL_SYM RELATION_NAME REL_SYM cardinality CLASS_NAME .)
    KW_IMPORT       reduce using rule 60 (relation_decl_external -> opt_at KW_RELATION CLASS_NAME cardinality REL_SYM RELATION_NAME REL_SYM cardinality CLASS_NAME .)
    AT              reduce using rule 60 (relation_decl_external -> opt_at KW_RELATION CLASS_NAME cardinality REL_SYM RELATION_NAME REL_SYM cardinality CLASS_NAME .)
    KW_DISJOINT     reduce using rule 60 (relation_decl_external -> opt_at KW_RELATION CLASS_NAME cardinality REL_SYM RELATION_NAME REL_SYM cardinality CLASS_NAME .)
    KW_COMPLETE     reduce using rule 60 (relation_decl_external -> opt_at KW_RELATION CLASS_NAME cardinality REL_SYM RELATION_NAME REL_SYM cardinality CLASS_NAME .)
    KW_RELATION     reduce using rule 60 (relation_decl_external -> opt_at KW_RELATION CLASS_NAME cardinality REL_SYM RELATION_NAME REL_SYM cardinality CLASS_NAME .)
    KW_GENSET       reduce using rule 60 (relation_decl_external -> opt_at KW_RELATION CLASS_NAME cardinality REL_SYM RELATION_NAME REL_SYM cardinality CLASS_NAME .)
    $end            reduce using rule 60 (relation_decl_external -> opt_at KW_RELATION CLASS_NAME cardinality REL_SYM RELATION_NAME REL_SYM cardinality CLASS_NAME .)


state 140

    (36) internal_relation -> opt_at cardinality REL_SYM cardinality CLASS_NAME .

    RBRACE          reduce using rule 36 (internal_relation -> opt_at cardinality REL_SYM cardinality CLASS_NAME .)
    RELATION_NAME   reduce using rule 36 (internal_relation -> opt_at cardinality REL_SYM cardinality CLASS_NAME .)
    REL_SYM         reduce using rule 36 (internal_relation -> opt_at cardinality REL_SYM cardinality CLASS_NAME .)
    AT              reduce using rule 36 (internal_relation -> opt_at cardinality REL_SYM cardinality CLASS_NAME .)
    RELATION_STEREOTYPE reduce using rule 36 (internal_relation -> opt_at cardinality REL_SYM cardinality CLASS_NAME .)
    LBRACKET        reduce using rule 36 (internal_relation -> opt_at cardinality REL_SYM cardinality CLASS_NAME .)


state 141

    (37) internal_relation -> opt_at cardinality REL_SYM RELATION_NAME REL_SYM . cardinality CLASS_NAME
    (65) cardinality -> . LBRACKET NUMBER RBRACKET
    (66) cardinality -> . LBRACKET NUMBER RANGE_DOTS STAR RBRACKET
    (67) cardinality -> . LBRACKET NUMBER RANGE_DOTS NUMBER RBRACKET
    (68) cardinality -> . LBRACKET STAR RBRACKET

    LBRACKET        shift and go to state 61

    cardinality                    shift and go to state 145

state 142

    (38) internal_relation -> opt_at REL_SYM RELATION_NAME REL_SYM cardinality . CLASS_NAME

    CLASS_NAME      shift and go to state 146


state 143

    (39) internal_relation -> REL_SYM RELATION_NAME REL_SYM cardinality CLASS_NAME .

    RBRACE          reduce using rule 39 (internal_relation -> REL_SYM RELATION_NAME REL_SYM cardinality CLASS_NAME .)
    RELATION_NAME   reduce using rule 39 (internal_relation -> REL_SYM RELATION_NAME REL_SYM cardinality CLASS_NAME .)
    REL_SYM         reduce using rule 39 (internal_relation -> REL_SYM RELATION_NAME REL_SYM cardinality CLASS_NAME .)
    AT              reduce using rule 39 (internal_relation -> REL_SYM RELATION_NAME REL_SYM cardinality CLASS_NAME .)
    RELATION_STEREOTYPE reduce using rule 39 (internal_relation -> REL_SYM RELATION_NAME REL_SYM cardinality CLASS_NAME .)
    LBRACKET        reduce using rule 39 (internal_relation -> REL_SYM RELATION_NAME REL_SYM cardinality CLASS_NAME .)


state 144

    (30) meta_attribs_opt -> LBRACE RELATION_NAME RBRACE .

    RBRACE          reduce using rule 30 (meta_attribs_opt -> LBRACE RELATION_NAME RBRACE .)
    RELATION_NAME   reduce using rule 30 (meta_attribs_opt -> LBRACE RELATION_NAME RBRACE .)
    REL_SYM         reduce using rule 30 (meta_attribs_opt -> LBRACE RELATION_NAME RBRACE .)
    AT              reduce using rule 30 (meta_attribs_opt -> LBRACE RELATION_NAME RBRACE .)
    RELATION_STEREOTYPE reduce using rule 30 (meta_attribs_opt -> LBRACE RELATION_NAME RBRACE .)
    LBRACKET        reduce using rule 30 (meta_attribs_opt -> LBRACE RELATION_NAME RBRACE .)


state 145

    (37) internal_relation -> opt_at cardinality REL_SYM RELATION_NAME REL_SYM cardinality . CLASS_NAME

    CLASS_NAME      shift and go to state 147


state 146

    (38) internal_relation -> opt_at REL_SYM RELATION_NAME REL_SYM cardinality CLASS_NAME .

    RBRACE          reduce using rule 38 (internal_relation -> opt_at REL_SYM RELATION_NAME REL_SYM cardinality CLASS_NAME .)
    RELATION_NAME   reduce using rule 38 (internal_relation -> opt_at REL_SYM RELATION_NAME REL_SYM cardinality CLASS_NAME .)
    REL_SYM         reduce using rule 38 (internal_relation -> opt_at REL_SYM RELATION_NAME REL_SYM cardinality CLASS_NAME .)
    AT              reduce using rule 38 (internal_relation -> opt_at REL_SYM RELATION_NAME REL_SYM cardinality CLASS_NAME .)
    RELATION_STEREOTYPE reduce using rule 38 (internal_relation -> opt_at REL_SYM RELATION_NAME REL_SYM cardinality CLASS_NAME .)
    LBRACKET        reduce using rule 38 (internal_relation -> opt_at REL_SYM RELATION_NAME REL_SYM cardinality CLASS_NAME .)


state 147

    (37) internal_relation -> opt_at cardinality REL_SYM RELATION_NAME REL_SYM cardinality CLASS_NAME .

    RBRACE          reduce using rule 37 (internal_relation -> opt_at cardinality REL_SYM RELATION_NAME REL_SYM cardinality CLASS_NAME .)
    RELATION_NAME   reduce using rule 37 (internal_relation -> opt_at cardinality REL_SYM RELATION_NAME REL_SYM cardinality CLASS_NAME .)
    REL_SYM         reduce using rule 37 (internal_relation -> opt_at cardinality REL_SYM RELATION_NAME REL_SYM cardinality CLASS_NAME .)
    AT              reduce using rule 37 (internal_relation -> opt_at cardinality REL_SYM RELATION_NAME REL_SYM cardinality CLASS_NAME .)
    RELATION_STEREOTYPE reduce using rule 37 (internal_relation -> opt_at cardinality REL_SYM RELATION_NAME REL_SYM cardinality CLASS_NAME .)
    LBRACKET        reduce using rule 37 (internal_relation -> opt_at cardinality REL_SYM RELATION_NAME REL_SYM cardinality CLASS_NAME .)

WARNING: 
WARNING: Conflicts:
WARNING: 
WARNING: shift/reduce conflict for KW_IMPORT in state 0 resolved as shift
WARNING: shift/reduce conflict for KW_IMPORT in state 2 resolved as shift
WARNING: shift/reduce conflict for KW_RELATION in state 27 resolved as shift
WARNING: shift/reduce conflict for REL_SYM in state 66 resolved as shift
WARNING: shift/reduce conflict for REL_SYM in state 82 resolved as shift
WARNING: shift/reduce conflict for LBRACKET in state 91 resolved as shift
